finished 1000 files
finished 2000 files
finished 3000 files
finished 4000 files
finished 5000 files
finished 6000 files
finished 7000 files
finished 8000 files
finished 9000 files
finished 10000 files
finished 11000 files
finished 12000 files
finished 13000 files
finished 14000 files
finished 15000 files
finished 16000 files
finished 17000 files
finished 18000 files
finished 19000 files
finished 20000 files
finished 21000 files
finished 22000 files
finished 23000 files
finished 24000 files
train 0/24087=0.0%
train 6022/24087=25.0%
train 13248/24087=55.0%
train 20474/24087=85.0%
test 0/96=0.0%
test 24/96=25.0%
test 53/96=55.2%
test 82/96=85.4%
start optimization...
[[ 0.0000000e+00  2.4450779e-02  2.1882057e-03  3.6058620e-02
   2.0415485e-03  2.4348497e-05  5.9919059e-04  8.4160268e-04
   7.8023672e-03  2.4450779e-02]
 [ 2.4450779e-02  0.0000000e+00  4.1234761e-02  1.1239126e-03
   4.0595382e-02  2.6000783e-02  1.7410472e-02  1.6221836e-02
   4.6303049e-03 -7.4505806e-09]
 [ 2.1882057e-03  4.1234761e-02  0.0000000e+00  5.5972502e-02
   2.6226044e-06  1.7526746e-03  5.0580204e-03  5.7336688e-03
   1.8230438e-02  4.1234747e-02]
 [ 3.6058620e-02  1.1239126e-03  5.5972502e-02  0.0000000e+00
   5.5227339e-02  3.7935942e-02  2.7381122e-02  2.5885329e-02
   1.0316551e-02  1.1239052e-03]
 [ 2.0415485e-03  4.0595382e-02  2.6226044e-06  5.5227339e-02
   0.0000000e+00  1.6219318e-03  4.8354864e-03  5.4960549e-03
   1.7806023e-02  4.0595382e-02]
 [ 2.4348497e-05  2.6000783e-02  1.7526746e-03  3.7935942e-02
   1.6219318e-03  0.0000000e+00  8.5963309e-04  1.1481047e-03
   8.6873919e-03  2.6000783e-02]
 [ 5.9919059e-04  1.7410472e-02  5.0580204e-03  2.7381122e-02
   4.8354864e-03  8.5963309e-04  0.0000000e+00  2.1904707e-05
   4.0835738e-03  1.7410502e-02]
 [ 8.4160268e-04  1.6221836e-02  5.7336688e-03  2.5885329e-02
   5.4960549e-03  1.1481047e-03  2.1904707e-05  0.0000000e+00
   3.5192519e-03  1.6221836e-02]
 [ 7.8023672e-03  4.6303049e-03  1.8230438e-02  1.0316551e-02
   1.7806023e-02  8.6873919e-03  4.0835738e-03  3.5192519e-03
   0.0000000e+00  4.6302974e-03]
 [ 2.4450779e-02 -7.4505806e-09  4.1234747e-02  1.1239052e-03
   4.0595382e-02  2.6000783e-02  1.7410502e-02  1.6221836e-02
   4.6302974e-03  0.0000000e+00]]
[[ 0. 11.  8. 11.  7.  2.  5.  3.  8. 11.]
 [11.  0. 11.  3. 11.  9. 10. 10.  7.  0.]
 [ 8. 11.  0. 11.  3.  6.  7.  9. 10. 11.]
 [11.  3. 11.  0. 11. 11. 11. 11.  8.  3.]
 [ 7. 11.  3. 11.  0.  7.  6.  8. 11. 11.]
 [ 2.  9.  6. 11.  7.  0.  5.  5. 10.  9.]
 [ 5. 10.  7. 11.  6.  5.  0.  4.  7. 10.]
 [ 3. 10.  9. 11.  8.  5.  4.  0.  5. 10.]
 [ 8.  7. 10.  8. 11. 10.  7.  5.  0.  7.]
 [11.  0. 11.  3. 11.  9. 10. 10.  7.  0.]]
Epoch: 0001 train_loss= 274.46014 time= 10.22192
Epoch: 0002 train_loss= 115.73064 time= 0.72375
Epoch: 0003 train_loss= 47.21772 time= 0.69003
Epoch: 0004 train_loss= 41.13569 time= 1.84778
Epoch: 0005 train_loss= 73.40840 time= 0.83400
Epoch: 0006 train_loss= 62.13548 time= 1.10567
Epoch: 0007 train_loss= 57.37518 time= 1.06629
Epoch: 0008 train_loss= 93.63992 time= 0.40529
Epoch: 0009 train_loss= 52.09724 time= 0.45371
Epoch: 0010 train_loss= 44.06274 time= 0.92530
Epoch: 0011 train_loss= 68.94104 time= 0.70712
Epoch: 0012 train_loss= 63.63669 time= 0.75406
Epoch: 0013 train_loss= 67.43976 time= 0.69572
Epoch: 0014 train_loss= 48.10172 time= 0.45060
Epoch: 0015 train_loss= 60.75255 time= 0.78091
Epoch: 0016 train_loss= 79.72070 time= 0.96581
Epoch: 0017 train_loss= 45.93544 time= 0.98166
Epoch: 0018 train_loss= 62.82682 time= 0.24808
Epoch: 0019 train_loss= 54.71321 time= 0.82418
Epoch: 0020 train_loss= 54.57938 time= 0.75289
Epoch: 0021 train_loss= 46.00590 time= 0.70274
Epoch: 0022 train_loss= 45.82331 time= 0.80963
Epoch: 0023 train_loss= 44.48010 time= 0.79855
Epoch: 0024 train_loss= 51.85219 time= 1.06601
Epoch: 0025 train_loss= 43.68223 time= 1.05593
Epoch: 0026 train_loss= 48.44079 time= 0.83648
Epoch: 0027 train_loss= 115.97295 time= 1.39248
Epoch: 0028 train_loss= 73.73262 time= 0.30492
Epoch: 0029 train_loss= 72.06625 time= 1.05285
Epoch: 0030 train_loss= 53.34919 time= 12.13691
Epoch: 0031 train_loss= 38.94196 time= 10.50896
Epoch: 0032 train_loss= 47.99477 time= 10.33680
Epoch: 0033 train_loss= 90.69992 time= 9.67702
Epoch: 0034 train_loss= 31.59028 time= 6.44272
Epoch: 0035 train_loss= 61.58738 time= 11.36952
Epoch: 0036 train_loss= 42.62570 time= 3.25947
Epoch: 0037 train_loss= 66.97037 time= 1.03684
Epoch: 0038 train_loss= 52.49149 time= 0.60377
Epoch: 0039 train_loss= 59.06447 time= 8.47165
Epoch: 0040 train_loss= 42.25494 time= 8.15734
Epoch: 0041 train_loss= 74.02260 time= 9.96719
Epoch: 0042 train_loss= 35.80477 time= 7.63447
Epoch: 0043 train_loss= 49.15098 time= 7.79029
Epoch: 0044 train_loss= 58.02665 time= 9.14325
Epoch: 0045 train_loss= 94.22388 time= 7.43908
Epoch: 0046 train_loss= 104.86459 time= 0.78145
Epoch: 0047 train_loss= 48.19691 time= 1.02982
Epoch: 0048 train_loss= 60.90382 time= 0.96653
Epoch: 0049 train_loss= 44.37375 time= 0.70061
Epoch: 0050 train_loss= 49.38136 time= 1.09047
Epoch: 0051 train_loss= 31.95223 time= 0.93717
Epoch: 0052 train_loss= 44.12925 time= 0.81030
Epoch: 0053 train_loss= 51.83091 time= 0.79809
Epoch: 0054 train_loss= 45.27151 time= 0.34981
Epoch: 0055 train_loss= 28.69128 time= 1.01488
Epoch: 0056 train_loss= 31.92475 time= 0.42927
Epoch: 0057 train_loss= 42.09600 time= 0.58978
Epoch: 0058 train_loss= 64.82423 time= 1.15789
Epoch: 0059 train_loss= 63.89787 time= 0.65800
Epoch: 0060 train_loss= 45.21442 time= 0.49776
Epoch: 0061 train_loss= 33.95649 time= 0.76188
Epoch: 0062 train_loss= 40.48038 time= 0.30071
Epoch: 0063 train_loss= 83.13972 time= 1.74280
Epoch: 0064 train_loss= 30.79846 time= 0.61506
Epoch: 0065 train_loss= 35.27461 time= 0.52348
Epoch: 0066 train_loss= 75.41616 time= 1.06629
Epoch: 0067 train_loss= 42.55775 time= 0.33582
Epoch: 0068 train_loss= 36.51369 time= 0.37846
Epoch: 0069 train_loss= 57.24290 time= 1.14362
Epoch: 0070 train_loss= 42.68939 time= 0.86134
Epoch: 0071 train_loss= 57.38389 time= 1.39811
Epoch: 0072 train_loss= 68.29162 time= 1.21383
Epoch: 0073 train_loss= 39.88591 time= 0.71228
Epoch: 0074 train_loss= 41.35845 time= 0.98288
Epoch: 0075 train_loss= 41.70066 time= 0.28325
Epoch: 0076 train_loss= 30.52338 time= 0.77618
Epoch: 0077 train_loss= 58.77760 time= 0.80473
Epoch: 0078 train_loss= 30.25187 time= 0.65407
Epoch: 0079 train_loss= 43.76044 time= 0.59951
Epoch: 0080 train_loss= 51.74564 time= 0.79168
Epoch: 0081 train_loss= 48.60716 time= 0.64654
Epoch: 0082 train_loss= 52.17954 time= 1.41924
Epoch: 0083 train_loss= 28.87001 time= 0.33745
Epoch: 0084 train_loss= 49.33725 time= 0.47727
Epoch: 0085 train_loss= 49.30861 time= 1.11047
Epoch: 0086 train_loss= 20.18294 time= 0.56209
Epoch: 0087 train_loss= 56.40428 time= 0.58517
Epoch: 0088 train_loss= 36.08709 time= 0.74759
Epoch: 0089 train_loss= 48.10596 time= 0.58946
Epoch: 0090 train_loss= 51.67466 time= 0.77302
Epoch: 0091 train_loss= 38.88745 time= 0.57617
Epoch: 0092 train_loss= 46.34338 time= 0.92417
Epoch: 0093 train_loss= 81.01347 time= 0.92354
Epoch: 0094 train_loss= 26.82755 time= 0.72811
Epoch: 0095 train_loss= 26.91257 time= 0.31027
Epoch: 0096 train_loss= 51.84656 time= 0.78842
Epoch: 0097 train_loss= 50.59503 time= 0.76684
Epoch: 0098 train_loss= 42.84823 time= 1.50412
Epoch: 0099 train_loss= 22.70725 time= 0.37727
Epoch: 0100 train_loss= 36.72698 time= 0.47426
[[0.0000000e+00 5.9655190e-02 5.4969501e-01 1.0125469e+01 7.7247620e-05
  5.6677151e-01 1.9538431e+00 0.0000000e+00 8.6262732e+00 1.1000000e+01]
 [5.9655190e-02 0.0000000e+00 2.5489330e-01 8.9431458e+00 5.5620193e-02
  2.6669788e-01 1.3633652e+00 5.9655190e-02 7.4833779e+00 1.1000000e+01]
 [5.4969501e-01 2.5489330e-01 0.0000000e+00 6.5724201e+00 5.3804779e-01
  1.3637543e-04 4.4825268e-01 5.4969501e-01 5.2369428e+00 9.5079508e+00]
 [1.0125469e+01 8.9431458e+00 6.5724201e+00 0.0000000e+00 1.0086470e+01
  6.5210934e+00 3.9600029e+00 1.0125469e+01 1.6005611e-01 7.3437595e-01]
 [7.7247620e-05 5.5620193e-02 5.3804779e-01 1.0086470e+01 0.0000000e+00
  5.5495548e-01 1.9326787e+00 7.7247620e-05 8.5881557e+00 1.1000000e+01]
 [5.6677151e-01 2.6669788e-01 1.3637543e-04 6.5210934e+00 5.5495548e-01
  0.0000000e+00 4.3279409e-01 5.6677246e-01 5.1889768e+00 9.4531479e+00]
 [1.9538431e+00 1.3633652e+00 4.4825268e-01 3.9600029e+00 1.9326787e+00
  4.3279409e-01 0.0000000e+00 1.9538431e+00 2.8356428e+00 6.6732016e+00]
 [0.0000000e+00 5.9655190e-02 5.4969501e-01 1.0125469e+01 7.7247620e-05
  5.6677246e-01 1.9538431e+00 0.0000000e+00 8.6262732e+00 1.1000000e+01]
 [8.6262732e+00 7.4833779e+00 5.2369428e+00 1.6005611e-01 8.5881557e+00
  5.1889768e+00 2.8356428e+00 8.6262732e+00 0.0000000e+00 1.5166197e+00]
 [1.1000000e+01 1.1000000e+01 9.5079508e+00 7.3437595e-01 1.1000000e+01
  9.4531479e+00 6.6732016e+00 1.1000000e+01 1.5166197e+00 0.0000000e+00]]
[[ 0.  2.  4. 11.  1.  4.  6.  0. 11. 11.]
 [ 2.  0.  4. 11.  3.  4.  6.  2. 11. 11.]
 [ 4.  4.  0. 10.  5.  2.  2.  4. 11. 11.]
 [11. 11. 10.  0. 11. 10.  8. 11.  6.  9.]
 [ 1.  3.  5. 11.  0.  5.  7.  1. 11. 11.]
 [ 4.  4.  2. 10.  5.  0.  4.  4. 11. 11.]
 [ 6.  6.  2.  8.  7.  4.  0.  6. 10. 11.]
 [ 0.  2.  4. 11.  1.  4.  6.  0. 11. 11.]
 [11. 11. 11.  6. 11. 11. 10. 11.  0. 11.]
 [11. 11. 11.  9. 11. 11. 11. 11. 11.  0.]]
Epoch: 0101 train_loss= 31.36810 time= 0.63358
Epoch: 0102 train_loss= 33.67306 time= 8.26370
Epoch: 0103 train_loss= 20.71370 time= 12.17641
Epoch: 0104 train_loss= 56.45256 time= 15.74086
Epoch: 0105 train_loss= 67.89966 time= 10.71319
Epoch: 0106 train_loss= 71.03210 time= 11.94429
Epoch: 0107 train_loss= 43.68305 time= 6.20127
Epoch: 0108 train_loss= 31.74722 time= 1.56587
Epoch: 0109 train_loss= 35.74635 time= 0.94250
Epoch: 0110 train_loss= 22.05380 time= 0.96645
Epoch: 0111 train_loss= 58.72311 time= 0.65720
Epoch: 0112 train_loss= 24.91445 time= 10.20298
Epoch: 0113 train_loss= 25.07037 time= 11.40128
Epoch: 0114 train_loss= 75.09097 time= 12.69727
Epoch: 0115 train_loss= 32.16577 time= 10.14931
Epoch: 0116 train_loss= 28.92544 time= 8.67255
Epoch: 0117 train_loss= 50.49847 time= 8.94978
Epoch: 0118 train_loss= 48.92635 time= 3.17098
Epoch: 0119 train_loss= 52.52491 time= 0.86682
Epoch: 0120 train_loss= 84.75069 time= 1.09031
Epoch: 0121 train_loss= 19.22670 time= 0.75682
Epoch: 0122 train_loss= 40.62745 time= 0.66883
Epoch: 0123 train_loss= 40.34526 time= 0.25148
Epoch: 0124 train_loss= 27.75454 time= 0.38107
Epoch: 0125 train_loss= 33.38144 time= 0.80429
Epoch: 0126 train_loss= 53.94481 time= 1.06281
Epoch: 0127 train_loss= 28.76313 time= 0.58557
Epoch: 0128 train_loss= 42.11956 time= 0.37147
Epoch: 0129 train_loss= 38.34203 time= 0.82405
Epoch: 0130 train_loss= 47.44207 time= 0.40211
Epoch: 0131 train_loss= 43.25645 time= 0.50071
Epoch: 0132 train_loss= 42.22990 time= 1.02885
Epoch: 0133 train_loss= 34.50713 time= 1.03346
Epoch: 0134 train_loss= 55.33801 time= 1.11603
Epoch: 0135 train_loss= 34.51168 time= 0.85608
Epoch: 0136 train_loss= 38.92049 time= 0.56635
Epoch: 0137 train_loss= 57.03548 time= 0.64232
Epoch: 0138 train_loss= 21.72084 time= 0.53455
Epoch: 0139 train_loss= 36.29289 time= 1.05561
Epoch: 0140 train_loss= 49.28267 time= 0.61896
Epoch: 0141 train_loss= 48.86721 time= 0.72420
Epoch: 0142 train_loss= 24.32400 time= 1.49985
Epoch: 0143 train_loss= 45.74541 time= 0.70355
Epoch: 0144 train_loss= 39.92994 time= 0.94895
Epoch: 0145 train_loss= 54.29298 time= 1.41480
Epoch: 0146 train_loss= 34.31318 time= 0.73092
Epoch: 0147 train_loss= 40.29478 time= 0.94811
Epoch: 0148 train_loss= 51.48741 time= 0.70931
Epoch: 0149 train_loss= 30.15743 time= 0.88004
Epoch: 0150 train_loss= 25.71743 time= 1.07844
Epoch: 0151 train_loss= 69.34764 time= 0.51316
Epoch: 0152 train_loss= 21.77377 time= 1.13574
Epoch: 0153 train_loss= 40.56012 time= 1.20517
Epoch: 0154 train_loss= 35.48907 time= 0.58223
Epoch: 0155 train_loss= 18.34435 time= 0.69324
Epoch: 0156 train_loss= 31.55048 time= 0.68640
Epoch: 0157 train_loss= 33.67153 time= 0.61877
Epoch: 0158 train_loss= 49.30618 time= 0.60871
Epoch: 0159 train_loss= 61.42703 time= 0.79952
Epoch: 0160 train_loss= 40.99326 time= 0.91919
Epoch: 0161 train_loss= 66.63312 time= 0.34780
Epoch: 0162 train_loss= 41.77510 time= 0.62901
Epoch: 0163 train_loss= 38.81889 time= 1.26479
Epoch: 0164 train_loss= 35.68924 time= 0.82105
Epoch: 0165 train_loss= 65.73625 time= 0.67088
Epoch: 0166 train_loss= 98.63733 time= 1.11551
Epoch: 0167 train_loss= 43.64472 time= 0.69366
Epoch: 0168 train_loss= 79.24594 time= 0.54642
Epoch: 0169 train_loss= 37.27917 time= 0.48920
Epoch: 0170 train_loss= 44.14064 time= 0.41680
Epoch: 0171 train_loss= 44.12530 time= 0.61042
Epoch: 0172 train_loss= 19.75445 time= 0.49079
Epoch: 0173 train_loss= 21.67387 time= 0.71635
Epoch: 0174 train_loss= 53.03968 time= 0.85355
Epoch: 0175 train_loss= 34.52710 time= 0.50282
Epoch: 0176 train_loss= 31.93790 time= 0.48093
Epoch: 0177 train_loss= 64.94137 time= 0.49041
Epoch: 0178 train_loss= 59.06733 time= 0.57824
Epoch: 0179 train_loss= 78.26421 time= 1.43897
Epoch: 0180 train_loss= 39.98184 time= 0.75409
Epoch: 0181 train_loss= 84.37952 time= 1.71992
Epoch: 0182 train_loss= 35.95829 time= 0.82028
Epoch: 0183 train_loss= 66.61669 time= 0.80877
Epoch: 0184 train_loss= 38.31835 time= 0.63136
Epoch: 0185 train_loss= 19.93972 time= 0.74395
Epoch: 0186 train_loss= 29.62881 time= 1.25690
Epoch: 0187 train_loss= 65.16731 time= 0.77764
Epoch: 0188 train_loss= 39.91574 time= 0.56475
Epoch: 0189 train_loss= 55.42547 time= 1.08694
Epoch: 0190 train_loss= 42.66642 time= 0.94363
Epoch: 0191 train_loss= 35.32686 time= 1.15009
Epoch: 0192 train_loss= 45.43694 time= 0.32863
Epoch: 0193 train_loss= 44.26906 time= 1.47706
Epoch: 0194 train_loss= 24.10950 time= 0.51345
Epoch: 0195 train_loss= 62.55434 time= 1.79408
Epoch: 0196 train_loss= 24.64053 time= 0.37537
Epoch: 0197 train_loss= 45.92133 time= 0.61436
Epoch: 0198 train_loss= 23.46518 time= 0.44250
Epoch: 0199 train_loss= 33.85575 time= 0.85682
Epoch: 0200 train_loss= 28.47050 time= 0.82796
[[0.0000000e+00 2.8328838e+00 6.3058853e-02 1.1000000e+01 1.1000000e+01
  8.2206726e-04 1.1000000e+01 1.1000000e+01 8.5384035e+00 1.1000000e+01]
 [2.8328838e+00 0.0000000e+00 2.0998030e+00 5.4741483e+00 1.1000000e+01
  2.9021988e+00 7.5268703e+00 7.4513493e+00 2.6539345e+00 6.0965123e+00]
 [6.3058853e-02 2.0998030e+00 0.0000000e+00 1.0690593e+01 1.1000000e+01
  7.5406075e-02 1.1000000e+01 1.1000000e+01 7.4948587e+00 1.1000000e+01]
 [1.1000000e+01 5.4741483e+00 1.0690593e+01 0.0000000e+00 2.4572897e+00
  1.1000000e+01 4.2131710e-01 3.9314365e-01 1.1044254e+00 4.3649673e-02]
 [1.1000000e+01 1.1000000e+01 1.1000000e+01 2.4572897e+00 0.0000000e+00
  1.1000000e+01 9.3056774e-01 9.7267342e-01 5.8871121e+00 1.9053631e+00]
 [8.2206726e-04 2.9021988e+00 7.5406075e-02 1.1000000e+01 1.1000000e+01
  0.0000000e+00 1.1000000e+01 1.1000000e+01 8.6088181e+00 1.1000000e+01]
 [1.1000000e+01 7.5268703e+00 1.1000000e+01 4.2131710e-01 9.3056774e-01
  1.1000000e+01 0.0000000e+00 5.1307678e-04 2.6742649e+00 1.9686604e-01]
 [1.1000000e+01 7.4513493e+00 1.1000000e+01 3.9314365e-01 9.7267342e-01
  1.1000000e+01 5.1307678e-04 0.0000000e+00 2.6115084e+00 1.7751694e-01]
 [8.5384035e+00 2.6539345e+00 7.4948587e+00 1.1044254e+00 5.8871121e+00
  8.6088181e+00 2.6742649e+00 2.6115084e+00 0.0000000e+00 1.5452642e+00]
 [1.1000000e+01 6.0965123e+00 1.1000000e+01 4.3649673e-02 1.9053631e+00
  1.1000000e+01 1.9686604e-01 1.7751694e-01 1.5452642e+00 0.0000000e+00]]
[[ 0.  8.  3. 11. 11.  2. 11. 11. 11. 11.]
 [ 8.  0.  5.  8. 11. 10. 10. 11.  7. 11.]
 [ 3.  5.  0. 11. 11.  5. 11. 11.  8. 11.]
 [11.  8. 11.  0. 11. 11.  2.  9.  9.  8.]
 [11. 11. 11. 11.  0. 11.  9.  8. 10.  7.]
 [ 2. 10.  5. 11. 11.  0. 11. 11. 11. 11.]
 [11. 10. 11.  2.  9. 11.  0.  7. 11. 10.]
 [11. 11. 11.  9.  8. 11.  7.  0. 10.  9.]
 [11.  7.  8.  9. 10. 11. 11. 10.  0.  9.]
 [11. 11. 11.  8.  7. 11. 10.  9.  9.  0.]]
Epoch: 0201 train_loss= 91.60955 time= 1.27616
Epoch: 0202 train_loss= 64.12650 time= 1.12902
Epoch: 0203 train_loss= 46.96525 time= 0.77816
Epoch: 0204 train_loss= 30.32729 time= 0.78356
Epoch: 0205 train_loss= 49.55705 time= 0.60375
Epoch: 0206 train_loss= 28.84521 time= 0.61134
Epoch: 0207 train_loss= 37.83335 time= 0.64917
Epoch: 0208 train_loss= 46.71859 time= 0.90526
Epoch: 0209 train_loss= 49.25124 time= 1.12921
Epoch: 0210 train_loss= 20.66035 time= 0.64995
Epoch: 0211 train_loss= 28.42810 time= 1.00717
Epoch: 0212 train_loss= 28.02516 time= 0.86748
Epoch: 0213 train_loss= 68.80759 time= 0.67051
Epoch: 0214 train_loss= 42.32397 time= 0.46287
Epoch: 0215 train_loss= 33.54832 time= 0.62439
Epoch: 0216 train_loss= 91.11919 time= 0.62027
Epoch: 0217 train_loss= 28.32578 time= 0.78635
Epoch: 0218 train_loss= 59.91118 time= 1.10574
Epoch: 0219 train_loss= 24.58228 time= 0.26520
Epoch: 0220 train_loss= 29.20055 time= 0.75189
Epoch: 0221 train_loss= 63.27628 time= 1.00391
Epoch: 0222 train_loss= 33.66459 time= 0.57586
Epoch: 0223 train_loss= 54.65292 time= 0.62183
Epoch: 0224 train_loss= 37.56038 time= 0.53297
Epoch: 0225 train_loss= 31.62596 time= 0.69989
Epoch: 0226 train_loss= 21.20237 time= 0.31868
Epoch: 0227 train_loss= 35.72997 time= 0.61788
Epoch: 0228 train_loss= 40.95166 time= 1.43789
Epoch: 0229 train_loss= 69.54749 time= 0.32684
Epoch: 0230 train_loss= 39.47853 time= 0.75515
Epoch: 0231 train_loss= 43.40178 time= 2.52862
Epoch: 0232 train_loss= 43.12913 time= 0.91782
Epoch: 0233 train_loss= 42.51483 time= 0.51329
Epoch: 0234 train_loss= 40.10944 time= 1.11028
Epoch: 0235 train_loss= 15.29571 time= 1.28773
Epoch: 0236 train_loss= 62.81544 time= 1.42614
Epoch: 0237 train_loss= 40.30525 time= 0.82653
Epoch: 0238 train_loss= 12.27306 time= 0.31080
Epoch: 0239 train_loss= 28.93032 time= 0.74410
Epoch: 0240 train_loss= 50.55252 time= 0.87419
Epoch: 0241 train_loss= 106.80290 time= 0.44214
Epoch: 0242 train_loss= 44.99136 time= 1.12002
Epoch: 0243 train_loss= 25.85499 time= 1.18824
Epoch: 0244 train_loss= 63.39476 time= 1.15627
Epoch: 0245 train_loss= 34.52723 time= 0.75483
Epoch: 0246 train_loss= 29.22514 time= 0.90970
Epoch: 0247 train_loss= 35.14454 time= 0.66161
Epoch: 0248 train_loss= 73.72004 time= 0.46095
Epoch: 0249 train_loss= 52.30570 time= 1.46051
Epoch: 0250 train_loss= 78.68784 time= 1.18233
Epoch: 0251 train_loss= 36.29261 time= 0.69730
Epoch: 0252 train_loss= 30.87486 time= 0.78295
Epoch: 0253 train_loss= 37.97134 time= 1.08930
Epoch: 0254 train_loss= 37.23493 time= 0.87168
Epoch: 0255 train_loss= 33.25654 time= 1.23040
Epoch: 0256 train_loss= 35.85742 time= 0.59307
Epoch: 0257 train_loss= 35.13708 time= 0.83957
Epoch: 0258 train_loss= 42.02421 time= 0.99332
Epoch: 0259 train_loss= 64.79536 time= 1.33063
Epoch: 0260 train_loss= 34.23052 time= 1.17537
Epoch: 0261 train_loss= 16.36815 time= 1.08884
Epoch: 0262 train_loss= 36.68349 time= 1.68464
Epoch: 0263 train_loss= 46.81139 time= 1.30881
Epoch: 0264 train_loss= 55.55494 time= 0.43889
Epoch: 0265 train_loss= 42.07105 time= 0.45757
Epoch: 0266 train_loss= 45.37751 time= 0.90633
Epoch: 0267 train_loss= 49.83733 time= 0.57608
Epoch: 0268 train_loss= 22.70905 time= 1.41882
Epoch: 0269 train_loss= 36.98962 time= 0.86694
Epoch: 0270 train_loss= 41.21076 time= 2.27523
Epoch: 0271 train_loss= 60.45146 time= 0.73939
Epoch: 0272 train_loss= 30.34180 time= 0.73015
Epoch: 0273 train_loss= 31.74800 time= 1.05305
Epoch: 0274 train_loss= 39.21793 time= 0.93280
Epoch: 0275 train_loss= 36.80243 time= 0.41652
Epoch: 0276 train_loss= 47.93161 time= 1.04225
Epoch: 0277 train_loss= 47.26616 time= 0.87022
Epoch: 0278 train_loss= 41.10600 time= 0.49711
Epoch: 0279 train_loss= 17.35728 time= 1.46852
Epoch: 0280 train_loss= 67.01611 time= 1.36940
Epoch: 0281 train_loss= 45.14214 time= 0.43320
Epoch: 0282 train_loss= 48.68569 time= 1.66876
Epoch: 0283 train_loss= 61.65258 time= 0.57196
Epoch: 0284 train_loss= 40.71806 time= 1.58936
Epoch: 0285 train_loss= 94.48530 time= 1.08228
Epoch: 0286 train_loss= 32.64108 time= 0.69458
Epoch: 0287 train_loss= 48.95375 time= 1.09832
Epoch: 0288 train_loss= 24.21296 time= 0.69656
Epoch: 0289 train_loss= 31.55956 time= 1.28875
Epoch: 0290 train_loss= 48.19010 time= 0.81440
Epoch: 0291 train_loss= 26.53115 time= 1.03345
Epoch: 0292 train_loss= 39.11042 time= 0.47407
Epoch: 0293 train_loss= 71.01281 time= 1.06778
Epoch: 0294 train_loss= 46.51558 time= 1.15469
Epoch: 0295 train_loss= 110.17992 time= 0.49830
Epoch: 0296 train_loss= 69.29828 time= 0.76255
Epoch: 0297 train_loss= 49.15907 time= 0.78529
Epoch: 0298 train_loss= 27.10347 time= 1.63658
Epoch: 0299 train_loss= 26.51190 time= 0.84055
Epoch: 0300 train_loss= 30.12297 time= 0.57090
[[ 0.          8.230146    0.53122234  0.01303768  0.01303768 10.810564
   0.71902466  3.0977812   2.5124817   3.0977821 ]
 [ 8.230146    0.         10.081534    7.934968    7.934968    0.56697273
  10.397586   11.         11.         11.        ]
 [ 0.53122234 10.081534    0.          0.69339085  0.69339085 11.
   0.01860332  1.5411739   1.068326    1.5411739 ]
 [ 0.01303768  7.934968    0.69339085  0.          0.         10.506711
   0.8995447   3.3469887   2.7544794   3.3469887 ]
 [ 0.01303768  7.934968    0.69339085  0.          0.         10.506712
   0.8995466   3.3469896   2.7544794   3.3469896 ]
 [10.810564    0.56697273 11.         10.506711   10.506712    0.
  11.         11.         11.         11.        ]
 [ 0.71902466 10.397586    0.01860332  0.8995447   0.8995466  11.
   0.          1.2645245   0.831666    1.2645245 ]
 [ 3.0977812  11.          1.5411739   3.3469887   3.3469896  11.
   1.2645245   0.          0.05288792  0.        ]
 [ 2.5124817  11.          1.068326    2.7544794   2.7544794  11.
   0.831666    0.05288792  0.          0.05288792]
 [ 3.0977821  11.          1.5411739   3.3469887   3.3469896  11.
   1.2645245   0.          0.05288792  0.        ]]
[[ 0. 10.  5.  6.  6. 11.  6.  6.  7.  6.]
 [10.  0. 11. 10. 10. 11. 11. 11. 11. 11.]
 [ 5. 11.  0.  3.  3. 11.  3.  3.  2.  3.]
 [ 6. 10.  3.  0.  0. 11.  4.  6.  5.  6.]
 [ 6. 10.  3.  0.  0. 11.  4.  6.  5.  6.]
 [11. 11. 11. 11. 11.  0. 11. 11. 11. 11.]
 [ 6. 11.  3.  4.  4. 11.  0.  2.  5.  2.]
 [ 6. 11.  3.  6.  6. 11.  2.  0.  3.  0.]
 [ 7. 11.  2.  5.  5. 11.  5.  3.  0.  3.]
 [ 6. 11.  3.  6.  6. 11.  2.  0.  3.  0.]]
Epoch: 0301 train_loss= 32.90404 time= 1.28992
Epoch: 0302 train_loss= 81.67345 time= 0.91461
Epoch: 0303 train_loss= 86.51297 time= 0.34901
Epoch: 0304 train_loss= 41.40478 time= 0.76115
Epoch: 0305 train_loss= 18.17460 time= 1.21382
Epoch: 0306 train_loss= 36.10316 time= 1.68428
Epoch: 0307 train_loss= 28.22374 time= 0.84095
Epoch: 0308 train_loss= 48.83000 time= 1.63923
Epoch: 0309 train_loss= 46.40630 time= 1.21943
Epoch: 0310 train_loss= 63.35384 time= 0.65706
Epoch: 0311 train_loss= 37.14553 time= 0.83018
Epoch: 0312 train_loss= 48.10621 time= 1.16167
Epoch: 0313 train_loss= 75.42358 time= 1.81644
Epoch: 0314 train_loss= 73.32010 time= 1.27464
Epoch: 0315 train_loss= 46.45174 time= 0.94081
Epoch: 0316 train_loss= 40.66608 time= 1.14785
Epoch: 0317 train_loss= 39.67818 time= 0.69392
Epoch: 0318 train_loss= 23.70346 time= 0.87213
Epoch: 0319 train_loss= 40.51476 time= 1.14321
Epoch: 0320 train_loss= 29.54142 time= 0.37452
Epoch: 0321 train_loss= 46.76964 time= 0.67352
Epoch: 0322 train_loss= 41.47361 time= 0.51605
Epoch: 0323 train_loss= 28.00287 time= 0.54899
Epoch: 0324 train_loss= 34.00580 time= 0.54504
Epoch: 0325 train_loss= 37.79367 time= 1.43756
Epoch: 0326 train_loss= 37.65377 time= 0.56517
Epoch: 0327 train_loss= 40.18465 time= 1.10282
Epoch: 0328 train_loss= 61.31731 time= 0.71827
Epoch: 0329 train_loss= 48.06212 time= 0.62894
Epoch: 0330 train_loss= 38.33600 time= 1.10391
Epoch: 0331 train_loss= 47.52695 time= 0.81849
Epoch: 0332 train_loss= 31.55443 time= 0.81005
Epoch: 0333 train_loss= 51.73257 time= 0.81705
Epoch: 0334 train_loss= 22.36217 time= 1.41391
Epoch: 0335 train_loss= 44.99590 time= 1.42248
Epoch: 0336 train_loss= 30.18943 time= 0.69702
Epoch: 0337 train_loss= 28.87042 time= 0.77207
Epoch: 0338 train_loss= 26.21034 time= 0.57788
Epoch: 0339 train_loss= 30.26632 time= 1.49568
Epoch: 0340 train_loss= 52.64441 time= 0.64769
Epoch: 0341 train_loss= 41.73669 time= 0.54563
Epoch: 0342 train_loss= 43.14138 time= 0.41065
Epoch: 0343 train_loss= 47.30685 time= 1.68235
Epoch: 0344 train_loss= 36.26283 time= 0.77556
Epoch: 0345 train_loss= 30.55864 time= 0.70644
Epoch: 0346 train_loss= 37.45907 time= 0.92535
Epoch: 0347 train_loss= 47.09309 time= 0.76017
Epoch: 0348 train_loss= 55.47591 time= 1.32309
Epoch: 0349 train_loss= 26.33585 time= 0.77934
Epoch: 0350 train_loss= 38.92829 time= 0.71869
Epoch: 0351 train_loss= 48.95172 time= 1.73646
Epoch: 0352 train_loss= 39.81892 time= 2.18277
Epoch: 0353 train_loss= 21.77787 time= 0.90861
Epoch: 0354 train_loss= 23.87978 time= 0.55297
Epoch: 0355 train_loss= 36.21124 time= 0.69264
Epoch: 0356 train_loss= 44.55468 time= 0.55420
Epoch: 0357 train_loss= 33.98009 time= 0.82141
Epoch: 0358 train_loss= 25.14632 time= 0.35798
Epoch: 0359 train_loss= 28.39094 time= 0.73027
Epoch: 0360 train_loss= 32.14457 time= 1.52313
Epoch: 0361 train_loss= 26.78100 time= 0.68650
Epoch: 0362 train_loss= 51.33924 time= 1.06940
Epoch: 0363 train_loss= 51.01079 time= 0.35466
Epoch: 0364 train_loss= 42.71408 time= 1.29791
Epoch: 0365 train_loss= 37.43651 time= 1.04963
Epoch: 0366 train_loss= 27.26783 time= 0.49653
Epoch: 0367 train_loss= 40.16764 time= 0.81459
Epoch: 0368 train_loss= 49.84435 time= 0.66741
Epoch: 0369 train_loss= 34.54870 time= 0.60160
Epoch: 0370 train_loss= 27.36588 time= 0.69073
Epoch: 0371 train_loss= 47.72580 time= 1.35929
Epoch: 0372 train_loss= 35.00611 time= 0.96871
Epoch: 0373 train_loss= 33.25778 time= 0.77456
Epoch: 0374 train_loss= 30.61547 time= 0.60275
Epoch: 0375 train_loss= 68.02824 time= 1.09493
Epoch: 0376 train_loss= 43.85442 time= 1.67015
Epoch: 0377 train_loss= 56.55926 time= 0.44256
Epoch: 0378 train_loss= 28.86759 time= 0.91894
Epoch: 0379 train_loss= 37.87148 time= 0.82397
Epoch: 0380 train_loss= 23.81955 time= 0.99213
Epoch: 0381 train_loss= 59.86412 time= 1.61339
Epoch: 0382 train_loss= 24.78525 time= 0.28094
Epoch: 0383 train_loss= 64.41846 time= 1.17339
Epoch: 0384 train_loss= 41.83013 time= 0.30470
Epoch: 0385 train_loss= 27.12619 time= 1.14178
Epoch: 0386 train_loss= 48.37452 time= 0.65270
Epoch: 0387 train_loss= 46.43102 time= 1.16392
Epoch: 0388 train_loss= 35.03868 time= 0.86832
Epoch: 0389 train_loss= 55.61638 time= 0.75299
Epoch: 0390 train_loss= 38.29016 time= 0.58566
Epoch: 0391 train_loss= 60.25211 time= 1.09677
Epoch: 0392 train_loss= 27.31467 time= 0.33893
Epoch: 0393 train_loss= 55.95433 time= 1.73802
Epoch: 0394 train_loss= 30.53392 time= 0.78287
Epoch: 0395 train_loss= 40.64212 time= 0.81661
Epoch: 0396 train_loss= 30.89369 time= 0.27431
Epoch: 0397 train_loss= 67.64292 time= 0.80775
Epoch: 0398 train_loss= 34.82931 time= 1.68640
Epoch: 0399 train_loss= 35.71428 time= 1.49905
Epoch: 0400 train_loss= 40.00946 time= 0.33087
[[0.0000000e+00 1.9841394e+00 1.1000000e+01 9.7906418e+00 9.9962482e+00
  1.1000000e+01 1.1000000e+01 8.7654114e+00 3.0684471e-02 3.5276413e-03]
 [1.9841394e+00 0.0000000e+00 1.1000000e+01 5.8187780e+00 6.0201788e+00
  1.1000000e+01 1.1000000e+01 4.8184853e+00 1.5907049e+00 2.1185122e+00]
 [1.1000000e+01 1.1000000e+01 0.0000000e+00 5.2842531e+00 5.1302032e+00
  2.4795227e+00 1.3533392e+00 6.0704918e+00 1.1000000e+01 1.1000000e+01]
 [9.7906418e+00 5.8187780e+00 5.2842531e+00 0.0000000e+00 3.1261444e-03
  1.1000000e+01 1.0067689e+01 8.2347870e-02 9.2810183e+00 9.9584999e+00]
 [9.9962482e+00 6.0201788e+00 5.1302032e+00 3.1261444e-03 0.0000000e+00
  1.1000000e+01 9.8984394e+00 1.1725521e-01 9.4864292e+00 1.0164164e+01]
 [1.1000000e+01 1.1000000e+01 2.4795227e+00 1.1000000e+01 1.1000000e+01
  0.0000000e+00 2.2709751e-01 1.1000000e+01 1.1000000e+01 1.1000000e+01]
 [1.1000000e+01 1.1000000e+01 1.3533392e+00 1.0067689e+01 9.8984394e+00
  2.2709751e-01 0.0000000e+00 1.0912996e+01 1.1000000e+01 1.1000000e+01]
 [8.7654114e+00 4.8184853e+00 6.0704918e+00 8.2347870e-02 1.1725521e-01
  1.1000000e+01 1.0912996e+01 0.0000000e+00 8.2569427e+00 8.9329319e+00]
 [3.0684471e-02 1.5907049e+00 1.1000000e+01 9.2810183e+00 9.4864292e+00
  1.1000000e+01 1.1000000e+01 8.2569427e+00 0.0000000e+00 5.4696083e-02]
 [3.5276413e-03 2.1185122e+00 1.1000000e+01 9.9584999e+00 1.0164164e+01
  1.1000000e+01 1.1000000e+01 8.9329319e+00 5.4696083e-02 0.0000000e+00]]
[[ 0.  4. 11.  6.  6. 11. 11.  8.  4.  2.]
 [ 4.  0.  8.  4.  4. 11. 11.  6.  2.  4.]
 [11.  8.  0.  6.  6. 10.  5.  6. 10. 10.]
 [ 6.  4.  6.  0.  2. 11.  9.  4.  6.  8.]
 [ 6.  4.  6.  2.  0. 11.  9.  2.  6.  6.]
 [11. 11. 10. 11. 11.  0.  9. 11. 11. 11.]
 [11. 11.  5.  9.  9.  9.  0.  9. 11. 11.]
 [ 8.  6.  6.  4.  2. 11.  9.  0.  8.  6.]
 [ 4.  2. 10.  6.  6. 11. 11.  8.  0.  4.]
 [ 2.  4. 10.  8.  6. 11. 11.  6.  4.  0.]]
Epoch: 0401 train_loss= 33.05302 time= 0.46453
Epoch: 0402 train_loss= 59.07643 time= 0.64300
Epoch: 0403 train_loss= 44.26512 time= 0.58329
Epoch: 0404 train_loss= 38.20286 time= 0.98501
Epoch: 0405 train_loss= 29.68270 time= 0.44156
Epoch: 0406 train_loss= 26.20644 time= 0.84737
Epoch: 0407 train_loss= 35.13015 time= 0.52686
Epoch: 0408 train_loss= 30.02253 time= 0.65923
Epoch: 0409 train_loss= 44.58836 time= 1.83983
Epoch: 0410 train_loss= 84.19005 time= 0.85108
Epoch: 0411 train_loss= 31.01945 time= 0.58808
Epoch: 0412 train_loss= 23.25330 time= 0.88516
Epoch: 0413 train_loss= 34.28973 time= 0.66567
Epoch: 0414 train_loss= 23.87820 time= 0.55841
Epoch: 0415 train_loss= 58.62796 time= 1.50180
Epoch: 0416 train_loss= 58.79200 time= 1.16804
Epoch: 0417 train_loss= 89.75082 time= 0.98819
Epoch: 0418 train_loss= 36.09540 time= 0.70812
Epoch: 0419 train_loss= 40.85177 time= 1.06658
Epoch: 0420 train_loss= 61.56099 time= 0.88155
Epoch: 0421 train_loss= 28.28664 time= 0.63533
Epoch: 0422 train_loss= 31.71368 time= 0.78374
Epoch: 0423 train_loss= 74.11216 time= 0.89381
Epoch: 0424 train_loss= 28.23483 time= 0.86442
Epoch: 0425 train_loss= 21.70086 time= 0.84414
Epoch: 0426 train_loss= 37.49693 time= 0.78007
Epoch: 0427 train_loss= 30.17910 time= 0.91847
Epoch: 0428 train_loss= 29.34521 time= 0.27331
Epoch: 0429 train_loss= 16.38910 time= 0.82299
Epoch: 0430 train_loss= 83.04250 time= 0.92717
Epoch: 0431 train_loss= 48.35244 time= 1.50402
Epoch: 0432 train_loss= 41.72915 time= 0.90629
Epoch: 0433 train_loss= 46.58653 time= 0.52405
Epoch: 0434 train_loss= 16.63235 time= 0.45350
Epoch: 0435 train_loss= 23.10941 time= 1.66449
Epoch: 0436 train_loss= 34.26426 time= 1.26226
Epoch: 0437 train_loss= 46.05452 time= 0.54425
Epoch: 0438 train_loss= 13.68052 time= 0.56506
Epoch: 0439 train_loss= 28.73302 time= 0.66611
Epoch: 0440 train_loss= 23.25418 time= 0.50303
Epoch: 0441 train_loss= 30.43030 time= 1.03893
Epoch: 0442 train_loss= 31.34540 time= 1.11281
Epoch: 0443 train_loss= 39.82948 time= 1.17738
Epoch: 0444 train_loss= 53.73858 time= 1.00718
Epoch: 0445 train_loss= 36.34466 time= 0.61600
Epoch: 0446 train_loss= 98.61967 time= 0.76714
Epoch: 0447 train_loss= 34.02864 time= 0.74381
Epoch: 0448 train_loss= 22.13215 time= 0.78862
Epoch: 0449 train_loss= 60.53584 time= 1.10298
Epoch: 0450 train_loss= 27.56204 time= 0.84419
Epoch: 0451 train_loss= 40.05908 time= 1.01585
Epoch: 0452 train_loss= 31.46082 time= 0.67046
Epoch: 0453 train_loss= 29.37660 time= 1.69224
Epoch: 0454 train_loss= 70.98021 time= 1.02158
Epoch: 0455 train_loss= 26.29760 time= 0.80486
Epoch: 0456 train_loss= 22.86576 time= 0.81634
Epoch: 0457 train_loss= 48.29343 time= 0.51972
Epoch: 0458 train_loss= 54.15398 time= 1.18882
Epoch: 0459 train_loss= 30.51030 time= 1.09419
Epoch: 0460 train_loss= 49.67155 time= 0.55405
Epoch: 0461 train_loss= 78.51340 time= 0.92999
Epoch: 0462 train_loss= 25.50558 time= 0.86101
Epoch: 0463 train_loss= 36.48537 time= 0.98226
Epoch: 0464 train_loss= 66.89444 time= 0.77768
Epoch: 0465 train_loss= 32.07425 time= 0.67689
Epoch: 0466 train_loss= 36.63089 time= 0.63554
Epoch: 0467 train_loss= 34.38459 time= 0.24614
Epoch: 0468 train_loss= 50.47842 time= 0.73069
Epoch: 0469 train_loss= 19.77823 time= 0.76377
Epoch: 0470 train_loss= 60.93198 time= 1.19040
Epoch: 0471 train_loss= 30.08940 time= 0.36887
Epoch: 0472 train_loss= 40.38082 time= 0.32395
Epoch: 0473 train_loss= 59.69023 time= 1.36807
Epoch: 0474 train_loss= 33.80101 time= 1.30480
Epoch: 0475 train_loss= 71.70644 time= 1.45093
Epoch: 0476 train_loss= 27.61950 time= 0.65683
Epoch: 0477 train_loss= 27.36758 time= 1.08265
Epoch: 0478 train_loss= 35.95635 time= 1.62324
Epoch: 0479 train_loss= 39.49364 time= 1.43145
Epoch: 0480 train_loss= 27.02213 time= 0.68603
Epoch: 0481 train_loss= 47.75507 time= 0.79736
Epoch: 0482 train_loss= 35.61527 time= 1.74170
Epoch: 0483 train_loss= 38.82876 time= 1.24764
Epoch: 0484 train_loss= 26.40365 time= 1.03735
Epoch: 0485 train_loss= 57.41113 time= 0.77781
Epoch: 0486 train_loss= 40.17471 time= 0.80168
Epoch: 0487 train_loss= 36.87957 time= 0.76889
Epoch: 0488 train_loss= 55.14481 time= 1.19110
Epoch: 0489 train_loss= 54.09864 time= 0.67133
Epoch: 0490 train_loss= 31.23284 time= 0.74430
Epoch: 0491 train_loss= 37.59590 time= 1.04936
Epoch: 0492 train_loss= 58.25161 time= 0.48510
Epoch: 0493 train_loss= 65.96093 time= 1.22569
Epoch: 0494 train_loss= 44.95686 time= 1.39348
Epoch: 0495 train_loss= 30.11165 time= 0.51326
Epoch: 0496 train_loss= 23.50745 time= 0.56949
Epoch: 0497 train_loss= 57.52977 time= 0.59770
Epoch: 0498 train_loss= 40.48372 time= 0.88212
Epoch: 0499 train_loss= 33.07290 time= 0.92091
Epoch: 0500 train_loss= 33.50058 time= 0.87566
[[0.0000000e+00 9.2875528e+00 5.8153448e+00 3.2366867e+00 1.1000000e+01
  3.9300919e-03 9.8433399e-01 1.1000000e+01 1.1000000e+01 5.8153439e+00]
 [9.2875528e+00 0.0000000e+00 1.7923441e+00 4.3418312e+00 3.4237013e+00
  9.0980310e+00 6.8939567e+00 3.4237013e+00 1.3664474e+00 1.7923450e+00]
 [5.8153448e+00 1.7923441e+00 0.0000000e+00 1.2442064e+00 6.7606444e+00
  5.6275320e+00 3.4594393e+00 6.7606440e+00 4.4638739e+00 0.0000000e+00]
 [3.2366867e+00 4.3418312e+00 1.2442064e+00 0.0000000e+00 9.3899117e+00
  3.0551224e+00 1.0319595e+00 9.3899117e+00 7.0831327e+00 1.2442064e+00]
 [1.1000000e+01 3.4237013e+00 6.7606444e+00 9.3899117e+00 0.0000000e+00
  1.1000000e+01 1.1000000e+01 0.0000000e+00 6.3214397e-01 6.7606454e+00]
 [3.9300919e-03 9.0980310e+00 5.6275320e+00 3.0551224e+00 1.1000000e+01
  0.0000000e+00 8.6652374e-01 1.1000000e+01 1.1000000e+01 5.6275311e+00]
 [9.8433399e-01 6.8939567e+00 3.4594393e+00 1.0319595e+00 1.1000000e+01
  8.6652374e-01 0.0000000e+00 1.1000000e+01 9.6506405e+00 3.4594383e+00]
 [1.1000000e+01 3.4237013e+00 6.7606440e+00 9.3899117e+00 0.0000000e+00
  1.1000000e+01 1.1000000e+01 0.0000000e+00 6.3214397e-01 6.7606454e+00]
 [1.1000000e+01 1.3664474e+00 4.4638739e+00 7.0831327e+00 6.3214397e-01
  1.1000000e+01 9.6506405e+00 6.3214397e-01 0.0000000e+00 4.4638758e+00]
 [5.8153439e+00 1.7923450e+00 0.0000000e+00 1.2442064e+00 6.7606454e+00
  5.6275311e+00 3.4594383e+00 6.7606454e+00 4.4638758e+00 0.0000000e+00]]
[[ 0. 11.  6.  4. 11.  2.  2. 11. 11.  6.]
 [11.  0.  5.  7.  5. 11.  9.  5.  6.  5.]
 [ 6.  5.  0.  2. 10.  6.  6. 10.  7.  0.]
 [ 4.  7.  2.  0. 11.  4.  4. 11.  9.  2.]
 [11.  5. 10. 11.  0. 11. 11.  0.  7. 10.]
 [ 2. 11.  6.  4. 11.  0.  4. 11. 11.  6.]
 [ 2.  9.  6.  4. 11.  4.  0. 11. 11.  6.]
 [11.  5. 10. 11.  0. 11. 11.  0.  7. 10.]
 [11.  6.  7.  9.  7. 11. 11.  7.  0.  7.]
 [ 6.  5.  0.  2. 10.  6.  6. 10.  7.  0.]]
Epoch: 0501 train_loss= 27.80393 time= 0.99675
Epoch: 0502 train_loss= 59.30945 time= 1.21544
Epoch: 0503 train_loss= 24.58928 time= 1.64538
Epoch: 0504 train_loss= 26.46170 time= 0.53379
Epoch: 0505 train_loss= 33.49448 time= 0.66305
Epoch: 0506 train_loss= 40.18466 time= 0.58198
Epoch: 0507 train_loss= 24.19478 time= 1.62567
Epoch: 0508 train_loss= 30.33366 time= 0.92812
Epoch: 0509 train_loss= 31.48074 time= 0.95073
Epoch: 0510 train_loss= 27.54143 time= 1.23020
Epoch: 0511 train_loss= 22.35377 time= 0.61625
Epoch: 0512 train_loss= 47.59036 time= 0.42288
Epoch: 0513 train_loss= 30.25985 time= 0.39203
Epoch: 0514 train_loss= 39.27177 time= 1.58242
Epoch: 0515 train_loss= 42.85017 time= 0.52053
Epoch: 0516 train_loss= 27.99648 time= 0.58610
Epoch: 0517 train_loss= 37.35725 time= 0.82204
Epoch: 0518 train_loss= 30.30965 time= 0.88361
Epoch: 0519 train_loss= 28.99485 time= 0.75218
Epoch: 0520 train_loss= 55.95340 time= 0.63200
Epoch: 0521 train_loss= 37.83844 time= 1.37329
Epoch: 0522 train_loss= 24.71797 time= 1.03252
Epoch: 0523 train_loss= 25.84102 time= 0.46661
Epoch: 0524 train_loss= 43.19674 time= 0.97883
Epoch: 0525 train_loss= 38.76830 time= 0.53470
Epoch: 0526 train_loss= 26.69217 time= 0.42331
Epoch: 0527 train_loss= 56.41409 time= 0.84204
Epoch: 0528 train_loss= 49.41320 time= 1.00762
Epoch: 0529 train_loss= 64.92366 time= 1.09301
Epoch: 0530 train_loss= 49.44886 time= 0.89310
Epoch: 0531 train_loss= 47.10237 time= 0.87176
Epoch: 0532 train_loss= 26.32326 time= 0.37262
Epoch: 0533 train_loss= 43.52277 time= 1.04587
Epoch: 0534 train_loss= 15.24313 time= 0.66213
Epoch: 0535 train_loss= 32.67021 time= 0.73613
Epoch: 0536 train_loss= 39.18713 time= 1.55028
Epoch: 0537 train_loss= 36.59940 time= 0.77925
Epoch: 0538 train_loss= 23.84746 time= 0.84295
Epoch: 0539 train_loss= 45.24313 time= 0.73593
Epoch: 0540 train_loss= 31.50539 time= 0.85096
Epoch: 0541 train_loss= 37.86442 time= 0.86846
Epoch: 0542 train_loss= 33.27583 time= 0.30255
Epoch: 0543 train_loss= 30.38900 time= 1.93001
Epoch: 0544 train_loss= 38.96194 time= 1.04749
Epoch: 0545 train_loss= 65.53899 time= 0.47036
Epoch: 0546 train_loss= 77.60033 time= 0.55999
Epoch: 0547 train_loss= 35.57015 time= 0.47208
Epoch: 0548 train_loss= 51.85972 time= 1.08336
Epoch: 0549 train_loss= 26.63273 time= 1.30812
Epoch: 0550 train_loss= 25.46914 time= 0.61932
Epoch: 0551 train_loss= 26.74544 time= 1.04252
Epoch: 0552 train_loss= 36.47816 time= 0.85866
Epoch: 0553 train_loss= 52.65349 time= 0.84714
Epoch: 0554 train_loss= 25.07745 time= 0.64162
Epoch: 0555 train_loss= 45.24974 time= 0.58738
Epoch: 0556 train_loss= 36.25213 time= 0.28318
Epoch: 0557 train_loss= 37.88886 time= 0.56196
Epoch: 0558 train_loss= 27.70242 time= 1.17166
Epoch: 0559 train_loss= 42.35612 time= 1.01694
Epoch: 0560 train_loss= 32.54442 time= 1.05540
Epoch: 0561 train_loss= 50.67571 time= 1.21122
Epoch: 0562 train_loss= 36.35489 time= 1.04978
Epoch: 0563 train_loss= 40.64261 time= 0.71460
Epoch: 0564 train_loss= 29.64026 time= 0.79825
Epoch: 0565 train_loss= 23.11556 time= 0.60820
Epoch: 0566 train_loss= 60.23501 time= 0.84134
Epoch: 0567 train_loss= 42.84477 time= 0.58891
Epoch: 0568 train_loss= 23.66149 time= 0.60084
Epoch: 0569 train_loss= 38.94573 time= 0.67684
Epoch: 0570 train_loss= 48.04871 time= 0.98608
Epoch: 0571 train_loss= 53.89736 time= 1.37436
Epoch: 0572 train_loss= 35.57676 time= 0.29884
Epoch: 0573 train_loss= 38.42738 time= 1.24164
Epoch: 0574 train_loss= 28.10688 time= 0.28922
Epoch: 0575 train_loss= 29.21926 time= 0.57470
Epoch: 0576 train_loss= 61.15645 time= 0.69060
Epoch: 0577 train_loss= 37.95252 time= 2.12565
Epoch: 0578 train_loss= 38.75904 time= 0.73311
Epoch: 0579 train_loss= 27.21993 time= 0.65149
Epoch: 0580 train_loss= 36.78932 time= 0.38100
Epoch: 0581 train_loss= 48.43629 time= 1.47938
Epoch: 0582 train_loss= 46.43999 time= 0.84629
Epoch: 0583 train_loss= 35.92957 time= 0.29349
Epoch: 0584 train_loss= 45.13744 time= 0.57706
Epoch: 0585 train_loss= 30.56576 time= 1.07482
Epoch: 0586 train_loss= 64.67308 time= 1.33446
Epoch: 0587 train_loss= 49.26079 time= 0.56065
Epoch: 0588 train_loss= 38.21136 time= 1.18750
Epoch: 0589 train_loss= 28.13101 time= 0.36330
Epoch: 0590 train_loss= 46.18724 time= 1.00091
Epoch: 0591 train_loss= 33.55135 time= 1.36168
Epoch: 0592 train_loss= 47.03778 time= 0.40454
Epoch: 0593 train_loss= 27.90358 time= 0.61764
Epoch: 0594 train_loss= 32.12815 time= 0.86158
Epoch: 0595 train_loss= 25.87736 time= 0.89071
Epoch: 0596 train_loss= 42.11203 time= 1.09151
Epoch: 0597 train_loss= 48.73346 time= 0.40367
Epoch: 0598 train_loss= 44.96819 time= 0.67903
Epoch: 0599 train_loss= 46.63884 time= 1.74593
Epoch: 0600 train_loss= 47.99743 time= 1.21001
[[0.0000000e+00 7.1163177e-02 1.1000000e+01 1.1000000e+01 1.1000000e+01
  1.1000000e+01 1.1000000e+01 2.3188848e+00 1.2780094e-01 1.1000000e+01]
 [7.1163177e-02 0.0000000e+00 1.1000000e+01 1.1000000e+01 1.1000000e+01
  1.1000000e+01 1.1000000e+01 1.7217531e+00 3.8162136e-01 1.1000000e+01]
 [1.1000000e+01 1.1000000e+01 0.0000000e+00 1.4130802e+00 1.4130812e+00
  7.1085620e+00 1.3000641e+00 1.1000000e+01 1.1000000e+01 7.1085620e+00]
 [1.1000000e+01 1.1000000e+01 1.4130802e+00 0.0000000e+00 0.0000000e+00
  4.2257357e+00 5.2661896e-03 1.1000000e+01 1.1000000e+01 4.2257357e+00]
 [1.1000000e+01 1.1000000e+01 1.4130812e+00 0.0000000e+00 0.0000000e+00
  4.2257357e+00 5.2661896e-03 1.1000000e+01 1.1000000e+01 4.2257357e+00]
 [1.1000000e+01 1.1000000e+01 7.1085620e+00 4.2257357e+00 4.2257357e+00
  0.0000000e+00 4.4095325e+00 1.1000000e+01 1.1000000e+01 0.0000000e+00]
 [1.1000000e+01 1.1000000e+01 1.3000641e+00 5.2661896e-03 5.2661896e-03
  4.4095325e+00 0.0000000e+00 1.1000000e+01 1.1000000e+01 4.4095325e+00]
 [2.3188848e+00 1.7217531e+00 1.1000000e+01 1.1000000e+01 1.1000000e+01
  1.1000000e+01 1.1000000e+01 0.0000000e+00 3.2249241e+00 1.1000000e+01]
 [1.2780094e-01 3.8162136e-01 1.1000000e+01 1.1000000e+01 1.1000000e+01
  1.1000000e+01 1.1000000e+01 3.2249241e+00 0.0000000e+00 1.1000000e+01]
 [1.1000000e+01 1.1000000e+01 7.1085620e+00 4.2257357e+00 4.2257357e+00
  0.0000000e+00 4.4095325e+00 1.1000000e+01 1.1000000e+01 0.0000000e+00]]
[[ 0.  9. 10. 11. 11. 11. 11. 10.  7. 11.]
 [ 9.  0. 11. 11. 11. 11. 11.  9. 10. 11.]
 [10. 11.  0.  5.  5.  6.  4. 11.  9.  6.]
 [11. 11.  5.  0.  0.  5.  1. 11. 11.  5.]
 [11. 11.  5.  0.  0.  5.  1. 11. 11.  5.]
 [11. 11.  6.  5.  5.  0.  4. 11. 11.  0.]
 [11. 11.  4.  1.  1.  4.  0. 11. 11.  4.]
 [10.  9. 11. 11. 11. 11. 11.  0. 11. 11.]
 [ 7. 10.  9. 11. 11. 11. 11. 11.  0. 11.]
 [11. 11.  6.  5.  5.  0.  4. 11. 11.  0.]]
Epoch: 0601 train_loss= 49.35572 time= 1.07556
Epoch: 0602 train_loss= 34.05852 time= 0.63573
Epoch: 0603 train_loss= 29.05008 time= 0.51535
Epoch: 0604 train_loss= 27.47692 time= 0.56877
Epoch: 0605 train_loss= 26.16351 time= 0.84981
Epoch: 0606 train_loss= 37.75731 time= 0.75068
Epoch: 0607 train_loss= 54.21955 time= 0.80833
Epoch: 0608 train_loss= 29.44478 time= 1.01937
Epoch: 0609 train_loss= 132.92545 time= 2.65330
Epoch: 0610 train_loss= 48.66502 time= 0.31780
Epoch: 0611 train_loss= 38.95413 time= 0.97927
Epoch: 0612 train_loss= 48.27926 time= 0.55818
Epoch: 0613 train_loss= 28.82805 time= 1.01730
Epoch: 0614 train_loss= 22.23297 time= 0.72906
Epoch: 0615 train_loss= 20.47010 time= 1.24785
Epoch: 0616 train_loss= 21.84276 time= 1.10385
Epoch: 0617 train_loss= 24.47988 time= 0.67720
Epoch: 0618 train_loss= 28.68462 time= 0.97239
Epoch: 0619 train_loss= 42.65415 time= 0.57313
Epoch: 0620 train_loss= 20.65050 time= 1.17191
Epoch: 0621 train_loss= 40.95898 time= 1.32610
Epoch: 0622 train_loss= 45.35786 time= 0.75080
Epoch: 0623 train_loss= 29.54921 time= 0.77136
Epoch: 0624 train_loss= 40.14916 time= 1.04703
Epoch: 0625 train_loss= 39.50867 time= 0.95411
Epoch: 0626 train_loss= 29.26592 time= 0.73759
Epoch: 0627 train_loss= 40.26704 time= 0.76899
Epoch: 0628 train_loss= 24.89473 time= 0.94605
Epoch: 0629 train_loss= 37.70571 time= 0.64950
Epoch: 0630 train_loss= 91.50230 time= 1.60781
Epoch: 0631 train_loss= 28.69819 time= 0.90732
Epoch: 0632 train_loss= 49.69961 time= 0.72092
Epoch: 0633 train_loss= 32.04146 time= 0.96684
Epoch: 0634 train_loss= 35.12558 time= 0.96836
Epoch: 0635 train_loss= 50.56951 time= 1.34042
Epoch: 0636 train_loss= 27.55659 time= 0.98071
Epoch: 0637 train_loss= 21.94601 time= 0.91688
Epoch: 0638 train_loss= 32.93544 time= 0.44762
Epoch: 0639 train_loss= 35.01447 time= 0.56946
Epoch: 0640 train_loss= 35.48989 time= 1.57832
Epoch: 0641 train_loss= 29.22963 time= 0.69947
Epoch: 0642 train_loss= 30.68790 time= 0.69415
Epoch: 0643 train_loss= 48.32129 time= 1.93810
Epoch: 0644 train_loss= 40.73198 time= 0.35770
Epoch: 0645 train_loss= 43.97945 time= 1.61343
Epoch: 0646 train_loss= 61.69462 time= 1.26673
Epoch: 0647 train_loss= 27.71891 time= 1.10406
Epoch: 0648 train_loss= 38.72128 time= 0.76521
Epoch: 0649 train_loss= 43.63243 time= 0.54938
Epoch: 0650 train_loss= 35.91296 time= 1.29911
Epoch: 0651 train_loss= 41.01517 time= 0.80641
Epoch: 0652 train_loss= 37.40814 time= 0.73485
Epoch: 0653 train_loss= 34.85526 time= 0.59105
Epoch: 0654 train_loss= 29.46183 time= 1.54841
Epoch: 0655 train_loss= 51.17231 time= 0.77310
Epoch: 0656 train_loss= 76.26620 time= 1.01227
Epoch: 0657 train_loss= 38.21256 time= 0.36145
Epoch: 0658 train_loss= 41.10130 time= 1.21119
Epoch: 0659 train_loss= 32.30503 time= 0.52641
Epoch: 0660 train_loss= 38.60286 time= 0.58790
Epoch: 0661 train_loss= 34.33854 time= 0.98061
Epoch: 0662 train_loss= 66.19955 time= 1.86717
Epoch: 0663 train_loss= 32.91427 time= 0.99254
Epoch: 0664 train_loss= 50.13906 time= 1.75987
Epoch: 0665 train_loss= 52.40073 time= 2.37647
Epoch: 0666 train_loss= 32.39247 time= 1.14126
Epoch: 0667 train_loss= 40.04243 time= 0.96058
Epoch: 0668 train_loss= 45.01261 time= 0.41254
Epoch: 0669 train_loss= 42.30043 time= 0.81456
Epoch: 0670 train_loss= 28.93460 time= 1.42579
Epoch: 0671 train_loss= 45.93628 time= 0.37745
Epoch: 0672 train_loss= 31.40820 time= 0.36922
Epoch: 0673 train_loss= 56.93514 time= 0.82107
Epoch: 0674 train_loss= 37.69980 time= 1.19274
Epoch: 0675 train_loss= 56.80810 time= 0.46918
Epoch: 0676 train_loss= 32.19618 time= 0.58794
Epoch: 0677 train_loss= 26.26465 time= 0.62721
Epoch: 0678 train_loss= 52.25279 time= 0.71423
Epoch: 0679 train_loss= 56.36111 time= 0.70287
Epoch: 0680 train_loss= 28.89006 time= 0.80013
Epoch: 0681 train_loss= 35.04217 time= 0.57757
Epoch: 0682 train_loss= 35.01880 time= 0.54737
Epoch: 0683 train_loss= 91.26061 time= 0.59875
Epoch: 0684 train_loss= 38.28172 time= 0.73989
Epoch: 0685 train_loss= 27.63373 time= 0.89672
Epoch: 0686 train_loss= 49.64038 time= 0.83467
Epoch: 0687 train_loss= 24.56541 time= 0.62963
Epoch: 0688 train_loss= 52.17129 time= 1.36618
Epoch: 0689 train_loss= 27.62812 time= 0.31527
Epoch: 0690 train_loss= 52.57120 time= 0.54564
Epoch: 0691 train_loss= 42.74364 time= 1.17648
Epoch: 0692 train_loss= 23.44822 time= 0.99491
Epoch: 0693 train_loss= 44.55236 time= 1.33653
Epoch: 0694 train_loss= 24.58570 time= 0.28865
Epoch: 0695 train_loss= 26.01393 time= 0.80137
Epoch: 0696 train_loss= 32.56336 time= 1.51347
Epoch: 0697 train_loss= 51.26529 time= 1.02788
Epoch: 0698 train_loss= 37.22149 time= 0.39275
Epoch: 0699 train_loss= 70.92434 time= 1.32741
Epoch: 0700 train_loss= 25.52396 time= 0.79738
[[ 0.0000000e+00  1.1000000e+01  4.8213453e+00  7.7749753e+00
   4.8213463e+00  1.1000000e+01  3.9757929e+00  7.7749753e+00
   7.5626373e-04  2.0948038e+00]
 [ 1.1000000e+01  0.0000000e+00  1.1000000e+01  1.1000000e+01
   1.1000000e+01 -9.5367432e-07  8.5835896e+00  1.1000000e+01
   1.1000000e+01  1.1000000e+01]
 [ 4.8213453e+00  1.1000000e+01  0.0000000e+00  1.4529362e+00
   0.0000000e+00  1.1000000e+01  1.0587118e+01  1.4529362e+00
   4.8838959e+00  1.3139000e+00]
 [ 7.7749753e+00  1.1000000e+01  1.4529362e+00  0.0000000e+00
   1.4529343e+00  1.1000000e+01  1.1000000e+01  0.0000000e+00
   7.8380704e+00  4.1162329e+00]
 [ 4.8213463e+00  1.1000000e+01  0.0000000e+00  1.4529343e+00
   0.0000000e+00  1.1000000e+01  1.0587119e+01  1.4529343e+00
   4.8838959e+00  1.3139000e+00]
 [ 1.1000000e+01 -9.5367432e-07  1.1000000e+01  1.1000000e+01
   1.1000000e+01  0.0000000e+00  8.5835896e+00  1.1000000e+01
   1.1000000e+01  1.1000000e+01]
 [ 3.9757929e+00  8.5835896e+00  1.0587118e+01  1.1000000e+01
   1.0587119e+01  8.5835896e+00  0.0000000e+00  1.1000000e+01
   3.9185629e+00  7.7246051e+00]
 [ 7.7749753e+00  1.1000000e+01  1.4529362e+00  0.0000000e+00
   1.4529343e+00  1.1000000e+01  1.1000000e+01  0.0000000e+00
   7.8380704e+00  4.1162329e+00]
 [ 7.5626373e-04  1.1000000e+01  4.8838959e+00  7.8380704e+00
   4.8838959e+00  1.1000000e+01  3.9185629e+00  7.8380704e+00
   0.0000000e+00  2.1513977e+00]
 [ 2.0948038e+00  1.1000000e+01  1.3139000e+00  4.1162329e+00
   1.3139000e+00  1.1000000e+01  7.7246051e+00  4.1162329e+00
   2.1513977e+00  0.0000000e+00]]
[[ 0. 11.  4.  6.  4. 11.  4.  6.  2.  4.]
 [11.  0. 11. 11. 11.  0. 10. 11. 11. 11.]
 [ 4. 11.  0.  2.  0. 11.  8.  2.  6.  2.]
 [ 6. 11.  2.  0.  2. 11. 10.  0.  8.  4.]
 [ 4. 11.  0.  2.  0. 11.  8.  2.  6.  2.]
 [11.  0. 11. 11. 11.  0. 10. 11. 11. 11.]
 [ 4. 10.  8. 10.  8. 10.  0. 10.  6.  8.]
 [ 6. 11.  2.  0.  2. 11. 10.  0.  8.  4.]
 [ 2. 11.  6.  8.  6. 11.  6.  8.  0.  6.]
 [ 4. 11.  2.  4.  2. 11.  8.  4.  6.  0.]]
Epoch: 0701 train_loss= 20.13643 time= 0.75576
Early stopping...
Optimization Finished, tiem cost 851.04648 s
Model saved in path: SavedModel/0211_All_linux15.ckpt
start encoding training data...
Finish 0 graphs
threshold is
[0. 0. 0. 0. 0. 0. 0. 0. 0. 0. 0. 0. 0. 0. 0. 0. 0. 0. 0. 0. 0. 0. 0. 0.
 0. 0. 0. 0. 0. 0. 0. 0.]
finish encoding training data
encoding data, cost 18.37893 s
Bit Weights:
[1. 1. 1. 1. 1. 1. 1. 1. 1. 1. 1. 1. 1. 1. 1. 1. 1. 1. 1. 1. 1. 1. 1. 1.
 1. 1. 1. 1. 1. 1. 1. 1.]
model training finish
