finished 1000 files
finished 2000 files
finished 3000 files
finished 4000 files
finished 5000 files
finished 6000 files
finished 7000 files
finished 8000 files
finished 9000 files
finished 10000 files
finished 11000 files
finished 12000 files
finished 13000 files
finished 14000 files
finished 15000 files
finished 16000 files
finished 17000 files
finished 18000 files
finished 19000 files
finished 20000 files
finished 21000 files
finished 22000 files
finished 23000 files
finished 24000 files
finished 25000 files
finished 26000 files
finished 27000 files
finished 28000 files
finished 29000 files
finished 30000 files
finished 31000 files
finished 32000 files
finished 33000 files
finished 34000 files
finished 35000 files
finished 36000 files
finished 37000 files
finished 38000 files
finished 39000 files
finished 40000 files
finished 41000 files
finished 42000 files
finished 43000 files
finished 44000 files
finished 45000 files
finished 46000 files
finished 47000 files
finished 48000 files
finished 49000 files
finished 50000 files
finished 51000 files
finished 52000 files
finished 53000 files
finished 54000 files
finished 55000 files
finished 56000 files
finished 57000 files
finished 58000 files
finished 59000 files
finished 60000 files
finished 61000 files
finished 62000 files
finished 63000 files
finished 64000 files
finished 65000 files
finished 66000 files
finished 67000 files
finished 68000 files
finished 69000 files
finished 70000 files
finished 71000 files
finished 72000 files
finished 73000 files
finished 74000 files
finished 75000 files
finished 76000 files
finished 77000 files
finished 78000 files
finished 79000 files
finished 80000 files
finished 81000 files
finished 82000 files
finished 83000 files
finished 84000 files
finished 85000 files
finished 86000 files
finished 87000 files
finished 88000 files
finished 89000 files
finished 90000 files
finished 91000 files
finished 92000 files
finished 93000 files
finished 94000 files
finished 95000 files
finished 96000 files
finished 97000 files
finished 98000 files
finished 99000 files
finished 1000 files
finished 2000 files
finished 3000 files
finished 4000 files
finished 5000 files
finished 6000 files
finished 7000 files
finished 8000 files
finished 9000 files
finished 10000 files
finished 11000 files
finished 12000 files
finished 13000 files
finished 14000 files
finished 15000 files
finished 16000 files
finished 17000 files
finished 18000 files
finished 19000 files
train 0/99676=0.0%
train 24919/99676=25.0%
train 54822/99676=55.0%
train 84725/99676=85.0%
test 0/19811=0.0%
test 4953/19811=25.0%
test 10897/19811=55.0%
test 16840/19811=85.0%
start optimization...
[[0.         0.00436896 0.00157099 0.01313797 0.00762343 0.01290058
  0.0033018  0.00461027 0.00861682 0.00497318]
 [0.00436896 0.         0.00402442 0.00881436 0.00124411 0.00406633
  0.00204796 0.00577995 0.00237931 0.00270021]
 [0.00157099 0.00402442 0.         0.01922937 0.00902809 0.01520239
  0.00304223 0.00094362 0.00496888 0.00275788]
 [0.01313797 0.00881436 0.01922937 0.         0.00410433 0.00284649
  0.01046276 0.02540998 0.01795821 0.01580128]
 [0.00762343 0.00124411 0.00902809 0.00410433 0.         0.00086778
  0.00391063 0.01201272 0.00550851 0.00593172]
 [0.01290058 0.00406633 0.01520239 0.00284649 0.00086778 0.
  0.00743684 0.01893149 0.00926562 0.01044571]
 [0.0033018  0.00204796 0.00304223 0.01046276 0.00391063 0.00743684
  0.         0.00476341 0.0044058  0.00104479]
 [0.00461027 0.00577995 0.00094362 0.02540998 0.01201272 0.01893149
  0.00476341 0.         0.00412353 0.00266907]
 [0.00861682 0.00237931 0.00496888 0.01795821 0.00550851 0.00926562
  0.0044058  0.00412353 0.         0.00274923]
 [0.00497318 0.00270021 0.00275788 0.01580128 0.00593172 0.01044571
  0.00104479 0.00266907 0.00274923 0.        ]]
[[ 0.  5.  4. 10.  6.  8.  8.  7.  8. 10.]
 [ 5.  0.  4.  8.  4.  7.  8.  5.  5.  6.]
 [ 4.  4.  0. 10.  6.  9.  9.  7.  6.  9.]
 [10.  8. 10.  0.  8.  8.  8. 11. 10.  9.]
 [ 6.  4.  6.  8.  0.  7.  7.  7.  6.  7.]
 [ 8.  7.  9.  8.  7.  0.  8. 10.  9.  9.]
 [ 8.  8.  9.  8.  7.  8.  0.  9.  7.  6.]
 [ 7.  5.  7. 11.  7. 10.  9.  0.  6.  9.]
 [ 8.  5.  6. 10.  6.  9.  7.  6.  0.  7.]
 [10.  6.  9.  9.  7.  9.  6.  9.  7.  0.]]
Epoch: 0001 train_loss= 268.13278 time= 5.37861
Epoch: 0002 train_loss= 228.55978 time= 1.31003
Epoch: 0003 train_loss= 143.44194 time= 0.55680
Epoch: 0004 train_loss= 105.40671 time= 1.05828
Epoch: 0005 train_loss= 117.98507 time= 1.12006
Epoch: 0006 train_loss= 86.60051 time= 1.17970
Epoch: 0007 train_loss= 134.06883 time= 0.70690
Epoch: 0008 train_loss= 89.87387 time= 1.12872
Epoch: 0009 train_loss= 95.75082 time= 1.14331
Epoch: 0010 train_loss= 110.24708 time= 1.46277
Epoch: 0011 train_loss= 105.75278 time= 0.96184
Epoch: 0012 train_loss= 104.42204 time= 0.74686
Epoch: 0013 train_loss= 111.87283 time= 0.67459
Epoch: 0014 train_loss= 107.25652 time= 1.06961
Epoch: 0015 train_loss= 93.01002 time= 1.23735
Epoch: 0016 train_loss= 81.10706 time= 0.82321
Epoch: 0017 train_loss= 105.44762 time= 1.05496
Epoch: 0018 train_loss= 155.37946 time= 0.64563
Epoch: 0019 train_loss= 98.52372 time= 2.14622
Epoch: 0020 train_loss= 76.36139 time= 1.00210
Epoch: 0021 train_loss= 92.76645 time= 1.16975
Epoch: 0022 train_loss= 62.23396 time= 0.73136
Epoch: 0023 train_loss= 66.52806 time= 0.60660
Epoch: 0024 train_loss= 76.84408 time= 1.11574
Epoch: 0025 train_loss= 62.89071 time= 0.71522
Epoch: 0026 train_loss= 104.29530 time= 0.73709
Epoch: 0027 train_loss= 88.64634 time= 1.73435
Epoch: 0028 train_loss= 100.67758 time= 1.20397
Epoch: 0029 train_loss= 122.62270 time= 0.95715
Epoch: 0030 train_loss= 113.01721 time= 0.80056
Epoch: 0031 train_loss= 56.60537 time= 0.72709
Epoch: 0032 train_loss= 77.90583 time= 1.00641
Epoch: 0033 train_loss= 57.87168 time= 1.28614
Epoch: 0034 train_loss= 77.35855 time= 0.87892
Epoch: 0035 train_loss= 68.18871 time= 1.67525
Epoch: 0036 train_loss= 77.80699 time= 0.64932
Epoch: 0037 train_loss= 91.47118 time= 0.69641
Epoch: 0038 train_loss= 84.71255 time= 0.58522
Epoch: 0039 train_loss= 71.36518 time= 1.39315
Epoch: 0040 train_loss= 72.72070 time= 1.06310
Epoch: 0041 train_loss= 65.29750 time= 0.89301
Epoch: 0042 train_loss= 83.63980 time= 0.66414
Epoch: 0043 train_loss= 80.02631 time= 0.68040
Epoch: 0044 train_loss= 60.78950 time= 0.62504
Epoch: 0045 train_loss= 56.21568 time= 1.19300
Epoch: 0046 train_loss= 54.66830 time= 0.58947
Epoch: 0047 train_loss= 48.26856 time= 0.84069
Epoch: 0048 train_loss= 47.20700 time= 1.26951
Epoch: 0049 train_loss= 65.00339 time= 0.81332
Epoch: 0050 train_loss= 71.90658 time= 1.32712
Epoch: 0051 train_loss= 43.25671 time= 0.94147
Epoch: 0052 train_loss= 59.48225 time= 1.22652
Epoch: 0053 train_loss= 51.87416 time= 0.36721
Epoch: 0054 train_loss= 42.95977 time= 1.14814
Epoch: 0055 train_loss= 68.34178 time= 1.27402
Epoch: 0056 train_loss= 74.39484 time= 1.18433
Epoch: 0057 train_loss= 58.95913 time= 0.92940
Epoch: 0058 train_loss= 52.42220 time= 0.78692
Epoch: 0059 train_loss= 61.17602 time= 1.50337
Epoch: 0060 train_loss= 50.05746 time= 1.48404
Epoch: 0061 train_loss= 60.84291 time= 1.62279
Epoch: 0062 train_loss= 50.21256 time= 0.81800
Epoch: 0063 train_loss= 75.27937 time= 0.75635
Epoch: 0064 train_loss= 50.76724 time= 0.65228
Epoch: 0065 train_loss= 65.03373 time= 1.07297
Epoch: 0066 train_loss= 54.60808 time= 1.46672
Epoch: 0067 train_loss= 63.67276 time= 1.00037
Epoch: 0068 train_loss= 55.29617 time= 0.90084
Epoch: 0069 train_loss= 74.64164 time= 0.93261
Epoch: 0070 train_loss= 68.25401 time= 1.05134
Epoch: 0071 train_loss= 62.64435 time= 1.34676
Epoch: 0072 train_loss= 55.07204 time= 0.99267
Epoch: 0073 train_loss= 50.12771 time= 1.03422
Epoch: 0074 train_loss= 56.07173 time= 1.46561
Epoch: 0075 train_loss= 59.28687 time= 1.40513
Epoch: 0076 train_loss= 72.42019 time= 1.03865
Epoch: 0077 train_loss= 47.93647 time= 0.65576
Epoch: 0078 train_loss= 64.99194 time= 1.04042
Epoch: 0079 train_loss= 56.93593 time= 0.90871
Epoch: 0080 train_loss= 61.08957 time= 1.68879
Epoch: 0081 train_loss= 51.51031 time= 0.38141
Epoch: 0082 train_loss= 56.10658 time= 0.80266
Epoch: 0083 train_loss= 82.49779 time= 1.21619
Epoch: 0084 train_loss= 71.91071 time= 1.11988
Epoch: 0085 train_loss= 49.96509 time= 0.53767
Epoch: 0086 train_loss= 51.17783 time= 0.59465
Epoch: 0087 train_loss= 73.67508 time= 1.21976
Epoch: 0088 train_loss= 79.40279 time= 0.64237
Epoch: 0089 train_loss= 58.76122 time= 1.14588
Epoch: 0090 train_loss= 92.63518 time= 0.60319
Epoch: 0091 train_loss= 49.49686 time= 0.89158
Epoch: 0092 train_loss= 61.08806 time= 0.72078
Epoch: 0093 train_loss= 55.06848 time= 1.10520
Epoch: 0094 train_loss= 45.39963 time= 2.06685
Epoch: 0095 train_loss= 52.78718 time= 0.50432
Epoch: 0096 train_loss= 53.40275 time= 0.49963
Epoch: 0097 train_loss= 78.55163 time= 0.97688
Epoch: 0098 train_loss= 94.67910 time= 0.71387
Epoch: 0099 train_loss= 45.03572 time= 1.40886
Epoch: 0100 train_loss= 62.64733 time= 1.04689
[[0.         3.919331   4.241492   3.2595568  3.3597026  1.1372643
  6.210432   0.6666479  2.9183168  0.49806404]
 [3.919331   0.         0.5166893  1.0179291  1.8468533  4.707397
  0.50218296 7.14463    1.6285028  6.2968464 ]
 [4.241492   0.5166893  0.         2.3789506  3.4279408  3.9949694
  0.8298559  7.5080266  0.6763458  6.376969  ]
 [3.2595568  1.0179291  2.3789506  0.         0.17322922 5.0404444
  1.9789352  5.7649508  3.336195   5.2772746 ]
 [3.3597026  1.8468533  3.4279408  0.17322922 0.         5.434959
  2.9258356  5.4807267  4.3052235  5.1173306 ]
 [1.1372643  4.707397   3.9949694  5.0404444  5.434959   0.
  6.85839    1.9899092  1.9469776  1.1409845 ]
 [6.210432   0.50218296 0.8298559  1.9789352  2.9258356  6.85839
  0.         9.8520355  2.7067785  8.846824  ]
 [0.6666479  7.14463    7.5080266  5.7649508  5.4807267  1.9899092
  9.8520355  0.         5.6714253  0.13430882]
 [2.9183168  1.6285028  0.6763458  3.336195   4.3052235  1.9469776
  2.7067785  5.6714253  0.         4.4941916 ]
 [0.49806404 6.2968464  6.376969   5.2772746  5.1173306  1.1409845
  8.846824   0.13430882 4.4941916  0.        ]]
[[ 0.  8.  9.  8.  9.  6.  9. 10.  8.  7.]
 [ 8.  0.  6.  7.  5.  5.  6. 10.  7.  7.]
 [ 9.  6.  0.  9.  9.  6.  4. 11.  7.  5.]
 [ 8.  7.  9.  0.  6.  9.  8.  8.  8. 10.]
 [ 9.  5.  9.  6.  0.  8.  9.  8.  9.  7.]
 [ 6.  5.  6.  9.  8.  0.  8.  9.  7.  6.]
 [ 9.  6.  4.  8.  9.  8.  0. 10.  5.  7.]
 [10. 10. 11.  8.  8.  9. 10.  0.  9. 11.]
 [ 8.  7.  7.  8.  9.  7.  5.  9.  0.  6.]
 [ 7.  7.  5. 10.  7.  6.  7. 11.  6.  0.]]
Epoch: 0101 train_loss= 49.65961 time= 1.66445
Epoch: 0102 train_loss= 67.96067 time= 0.54346
Epoch: 0103 train_loss= 70.09607 time= 0.80127
Epoch: 0104 train_loss= 66.75459 time= 0.42794
Epoch: 0105 train_loss= 76.17685 time= 1.03937
Epoch: 0106 train_loss= 60.36468 time= 1.25348
Epoch: 0107 train_loss= 59.47511 time= 1.05113
Epoch: 0108 train_loss= 54.72290 time= 0.86435
Epoch: 0109 train_loss= 57.69620 time= 1.99179
Epoch: 0110 train_loss= 41.82203 time= 0.66191
Epoch: 0111 train_loss= 44.50928 time= 1.12308
Epoch: 0112 train_loss= 58.84106 time= 1.93387
Epoch: 0113 train_loss= 38.94561 time= 0.77039
Epoch: 0114 train_loss= 46.66496 time= 1.21419
Epoch: 0115 train_loss= 44.16602 time= 1.66815
Epoch: 0116 train_loss= 48.31517 time= 0.66432
Epoch: 0117 train_loss= 63.60798 time= 0.68228
Epoch: 0118 train_loss= 40.74869 time= 0.62397
Epoch: 0119 train_loss= 52.24982 time= 0.76550
Epoch: 0120 train_loss= 45.90590 time= 0.88371
Epoch: 0121 train_loss= 68.21551 time= 0.67089
Epoch: 0122 train_loss= 52.16825 time= 0.59225
Epoch: 0123 train_loss= 60.26428 time= 1.30767
Epoch: 0124 train_loss= 57.79496 time= 1.58839
Epoch: 0125 train_loss= 49.21661 time= 0.51033
Epoch: 0126 train_loss= 45.04649 time= 0.48802
Epoch: 0127 train_loss= 45.98360 time= 0.41133
Epoch: 0128 train_loss= 49.61465 time= 1.21543
Epoch: 0129 train_loss= 56.12681 time= 0.71498
Epoch: 0130 train_loss= 56.57671 time= 0.86326
Epoch: 0131 train_loss= 53.16983 time= 0.87640
Epoch: 0132 train_loss= 55.71513 time= 0.70553
Epoch: 0133 train_loss= 63.18503 time= 0.91248
Epoch: 0134 train_loss= 61.21796 time= 0.41325
Epoch: 0135 train_loss= 56.96126 time= 0.82257
Epoch: 0136 train_loss= 74.12899 time= 0.91926
Epoch: 0137 train_loss= 48.81685 time= 1.35278
Epoch: 0138 train_loss= 70.42307 time= 0.90688
Epoch: 0139 train_loss= 57.87222 time= 1.70483
Epoch: 0140 train_loss= 44.65494 time= 0.83288
Epoch: 0141 train_loss= 69.26106 time= 0.49309
Epoch: 0142 train_loss= 58.22844 time= 0.95786
Epoch: 0143 train_loss= 43.59662 time= 0.74790
Epoch: 0144 train_loss= 50.18498 time= 0.76592
Epoch: 0145 train_loss= 48.71664 time= 0.90606
Epoch: 0146 train_loss= 53.39109 time= 0.49470
Epoch: 0147 train_loss= 53.91922 time= 1.38949
Epoch: 0148 train_loss= 57.10053 time= 0.77247
Epoch: 0149 train_loss= 47.84773 time= 0.97906
Epoch: 0150 train_loss= 64.50666 time= 0.59973
Epoch: 0151 train_loss= 59.88709 time= 1.24984
Epoch: 0152 train_loss= 55.26987 time= 0.76626
Epoch: 0153 train_loss= 52.64428 time= 1.84692
Epoch: 0154 train_loss= 57.45577 time= 0.62883
Epoch: 0155 train_loss= 64.03547 time= 0.70269
Epoch: 0156 train_loss= 64.68051 time= 1.14845
Epoch: 0157 train_loss= 46.99880 time= 1.76342
Epoch: 0158 train_loss= 63.28737 time= 0.96434
Epoch: 0159 train_loss= 63.33221 time= 1.36135
Epoch: 0160 train_loss= 66.12152 time= 0.85487
Epoch: 0161 train_loss= 62.05322 time= 0.66385
Epoch: 0162 train_loss= 38.91356 time= 0.45160
Epoch: 0163 train_loss= 59.90176 time= 0.89390
Epoch: 0164 train_loss= 60.32473 time= 0.87785
Epoch: 0165 train_loss= 53.42121 time= 0.93023
Epoch: 0166 train_loss= 37.93098 time= 1.58250
Epoch: 0167 train_loss= 45.22961 time= 0.74163
Epoch: 0168 train_loss= 58.47686 time= 0.65440
Epoch: 0169 train_loss= 61.97033 time= 0.98923
Epoch: 0170 train_loss= 44.00222 time= 1.14665
Epoch: 0171 train_loss= 58.59319 time= 0.65486
Epoch: 0172 train_loss= 58.38892 time= 1.84951
Epoch: 0173 train_loss= 57.43438 time= 0.98493
Epoch: 0174 train_loss= 67.48003 time= 0.72093
Epoch: 0175 train_loss= 33.70503 time= 0.54938
Epoch: 0176 train_loss= 56.21221 time= 1.26365
Epoch: 0177 train_loss= 52.84291 time= 0.58448
Epoch: 0178 train_loss= 55.56608 time= 0.69305
Epoch: 0179 train_loss= 44.67531 time= 0.76067
Epoch: 0180 train_loss= 60.24099 time= 0.80341
Epoch: 0181 train_loss= 60.03426 time= 1.23773
Epoch: 0182 train_loss= 55.64961 time= 0.98677
Epoch: 0183 train_loss= 50.00298 time= 0.74680
Epoch: 0184 train_loss= 43.50178 time= 1.34906
Epoch: 0185 train_loss= 79.31592 time= 1.48446
Epoch: 0186 train_loss= 42.62533 time= 1.07440
Epoch: 0187 train_loss= 39.84086 time= 0.88192
Epoch: 0188 train_loss= 36.36660 time= 0.53545
Epoch: 0189 train_loss= 56.85451 time= 1.30248
Epoch: 0190 train_loss= 50.44218 time= 0.84579
Epoch: 0191 train_loss= 47.65216 time= 1.13421
Epoch: 0192 train_loss= 42.07031 time= 0.73584
Epoch: 0193 train_loss= 58.65677 time= 1.11071
Epoch: 0194 train_loss= 54.19646 time= 0.57771
Epoch: 0195 train_loss= 59.53101 time= 1.21001
Epoch: 0196 train_loss= 49.10390 time= 0.75724
Epoch: 0197 train_loss= 69.81075 time= 0.75004
Epoch: 0198 train_loss= 69.20668 time= 0.61139
Epoch: 0199 train_loss= 65.90049 time= 0.91987
Epoch: 0200 train_loss= 55.88923 time= 1.35892
[[0.         2.3970108  2.5306196  0.2873087  0.12367439 2.132904
  1.5060778  1.2034092  0.7936821  3.2448997 ]
 [2.3970108  0.         0.04319668 1.4423752  1.7325945  0.19767284
  0.27033234 3.088233   1.1597023  0.299263  ]
 [2.5306196  0.04319668 0.         1.6103668  1.8551416  0.40110397
  0.42757416 3.346552   1.3937035  0.12180042]
 [0.2873087  1.4423752  1.6103668  0.         0.06776428 1.173255
  0.6402979  0.98671436 0.14215851 2.3379097 ]
 [0.12367439 1.7325945  1.8551416  0.06776428 0.         1.5238676
  0.91904163 1.2508593  0.3829565  2.5295954 ]
 [2.132904   0.19767284 0.40110397 1.173255   1.5238676  0.
  0.17169857 2.5817747  0.80071735 0.93006897]
 [1.5060778  0.27033234 0.42757416 0.6402979  0.91904163 0.17169857
  0.         2.0489378  0.3739891  0.9730072 ]
 [1.2034092  3.088233   3.346552   0.98671436 1.2508593  2.5817747
  2.0489378  0.         1.0656309  4.269223  ]
 [0.7936821  1.1597023  1.3937035  0.14215851 0.3829565  0.80071735
  0.3739891  1.0656309  0.         2.1903648 ]
 [3.2448997  0.299263   0.12180042 2.3379097  2.5295954  0.93006897
  0.9730072  4.269223   2.1903648  0.        ]]
[[ 0.  7.  8.  7. 10.  8.  6.  8.  9.  7.]
 [ 7.  0.  5.  5.  9.  6.  5.  7.  4.  5.]
 [ 8.  5.  0.  8. 10.  6.  8.  8.  8.  7.]
 [ 7.  5.  8.  0.  8.  7.  5.  8.  8.  7.]
 [10.  9. 10.  8.  0. 11.  8. 11.  8. 10.]
 [ 8.  6.  6.  7. 11.  0.  8.  5.  8.  7.]
 [ 6.  5.  8.  5.  8.  8.  0.  8.  7.  8.]
 [ 8.  7.  8.  8. 11.  5.  8.  0.  9.  8.]
 [ 9.  4.  8.  8.  8.  8.  7.  9.  0.  7.]
 [ 7.  5.  7.  7. 10.  7.  8.  8.  7.  0.]]
Epoch: 0201 train_loss= 64.30492 time= 1.02865
Epoch: 0202 train_loss= 44.97409 time= 0.94427
Epoch: 0203 train_loss= 49.09060 time= 0.88641
Epoch: 0204 train_loss= 44.89090 time= 2.08602
Epoch: 0205 train_loss= 36.04969 time= 1.04028
Epoch: 0206 train_loss= 42.14310 time= 0.68605
Epoch: 0207 train_loss= 37.45926 time= 0.94700
Epoch: 0208 train_loss= 68.34368 time= 1.43024
Epoch: 0209 train_loss= 49.60745 time= 0.87109
Epoch: 0210 train_loss= 49.56513 time= 1.15912
Epoch: 0211 train_loss= 37.21892 time= 0.74029
Epoch: 0212 train_loss= 59.47415 time= 1.38482
Epoch: 0213 train_loss= 32.93705 time= 0.77927
Epoch: 0214 train_loss= 42.50719 time= 0.87708
Epoch: 0215 train_loss= 58.30356 time= 0.57802
Epoch: 0216 train_loss= 51.51357 time= 0.75491
Epoch: 0217 train_loss= 52.27857 time= 0.57118
Epoch: 0218 train_loss= 61.88356 time= 0.98383
Epoch: 0219 train_loss= 55.68087 time= 1.07258
Epoch: 0220 train_loss= 48.67044 time= 1.05183
Epoch: 0221 train_loss= 27.95510 time= 0.74318
Epoch: 0222 train_loss= 46.39118 time= 1.46685
Epoch: 0223 train_loss= 34.96740 time= 0.81372
Epoch: 0224 train_loss= 71.66296 time= 0.66783
Epoch: 0225 train_loss= 37.06496 time= 0.72322
Epoch: 0226 train_loss= 40.56972 time= 1.44673
Epoch: 0227 train_loss= 41.46421 time= 0.73206
Epoch: 0228 train_loss= 53.77291 time= 0.96214
Epoch: 0229 train_loss= 53.47380 time= 1.07434
Epoch: 0230 train_loss= 40.79712 time= 0.67208
Epoch: 0231 train_loss= 37.30722 time= 1.08199
Epoch: 0232 train_loss= 48.58856 time= 0.84511
Epoch: 0233 train_loss= 60.40652 time= 0.99409
Epoch: 0234 train_loss= 42.36066 time= 0.44587
Epoch: 0235 train_loss= 39.17364 time= 0.90714
Epoch: 0236 train_loss= 51.64858 time= 1.20479
Epoch: 0237 train_loss= 52.16723 time= 0.79043
Epoch: 0238 train_loss= 59.56674 time= 0.69001
Epoch: 0239 train_loss= 42.30997 time= 0.36087
Epoch: 0240 train_loss= 60.22399 time= 1.39950
Epoch: 0241 train_loss= 41.15464 time= 1.18365
Epoch: 0242 train_loss= 64.52905 time= 0.83894
Epoch: 0243 train_loss= 51.47818 time= 0.83627
Epoch: 0244 train_loss= 51.05377 time= 1.44457
Epoch: 0245 train_loss= 33.06379 time= 1.10763
Epoch: 0246 train_loss= 63.71935 time= 0.94477
Epoch: 0247 train_loss= 69.74720 time= 1.79066
Epoch: 0248 train_loss= 56.69140 time= 0.85868
Epoch: 0249 train_loss= 42.61225 time= 1.46885
Epoch: 0250 train_loss= 42.29949 time= 0.91335
Epoch: 0251 train_loss= 46.94049 time= 1.15872
Epoch: 0252 train_loss= 50.91327 time= 0.61502
Epoch: 0253 train_loss= 37.69907 time= 0.67546
Epoch: 0254 train_loss= 44.09599 time= 0.64938
Epoch: 0255 train_loss= 44.70311 time= 1.34710
Epoch: 0256 train_loss= 50.47770 time= 1.18749
Epoch: 0257 train_loss= 55.39312 time= 1.51794
Epoch: 0258 train_loss= 38.60537 time= 1.32351
Epoch: 0259 train_loss= 60.30257 time= 0.38998
Epoch: 0260 train_loss= 38.40451 time= 0.69554
Epoch: 0261 train_loss= 45.13165 time= 0.83322
Epoch: 0262 train_loss= 50.38656 time= 0.73386
Epoch: 0263 train_loss= 46.99683 time= 1.09287
Epoch: 0264 train_loss= 37.54903 time= 1.11918
Epoch: 0265 train_loss= 44.10158 time= 0.92011
Epoch: 0266 train_loss= 82.51524 time= 0.96561
Epoch: 0267 train_loss= 56.02471 time= 0.35099
Epoch: 0268 train_loss= 38.27047 time= 1.05044
Epoch: 0269 train_loss= 31.73788 time= 0.76794
Epoch: 0270 train_loss= 43.39590 time= 0.88546
Epoch: 0271 train_loss= 44.43247 time= 1.27614
Epoch: 0272 train_loss= 55.64476 time= 0.74570
Epoch: 0273 train_loss= 39.68501 time= 0.83862
Epoch: 0274 train_loss= 52.89672 time= 1.64528
Epoch: 0275 train_loss= 55.97552 time= 1.09793
Epoch: 0276 train_loss= 57.61592 time= 0.85882
Epoch: 0277 train_loss= 65.49844 time= 0.49494
Epoch: 0278 train_loss= 44.82156 time= 0.71221
Epoch: 0279 train_loss= 60.13358 time= 0.66973
Epoch: 0280 train_loss= 42.06086 time= 0.74128
Epoch: 0281 train_loss= 55.39041 time= 0.61631
Epoch: 0282 train_loss= 47.72330 time= 1.37489
Epoch: 0283 train_loss= 54.76590 time= 1.08004
Epoch: 0284 train_loss= 51.74089 time= 0.79780
Epoch: 0285 train_loss= 48.50255 time= 1.63049
Epoch: 0286 train_loss= 47.50544 time= 0.42716
Epoch: 0287 train_loss= 39.26332 time= 1.33690
Epoch: 0288 train_loss= 49.46969 time= 0.94424
Epoch: 0289 train_loss= 48.85868 time= 0.50724
Epoch: 0290 train_loss= 52.68665 time= 2.01519
Epoch: 0291 train_loss= 49.23696 time= 0.53107
Epoch: 0292 train_loss= 57.47625 time= 0.85300
Epoch: 0293 train_loss= 73.58302 time= 0.81594
Epoch: 0294 train_loss= 49.46984 time= 0.71536
Epoch: 0295 train_loss= 39.46276 time= 0.81049
Epoch: 0296 train_loss= 45.81319 time= 1.24965
Epoch: 0297 train_loss= 48.41703 time= 1.22222
Epoch: 0298 train_loss= 44.76078 time= 1.54066
Epoch: 0299 train_loss= 70.54163 time= 0.94823
Epoch: 0300 train_loss= 52.36253 time= 0.98780
[[ 0.          4.6350713   0.10539532  4.6224217   1.0448046   1.8031454
   2.9194975   1.2222157   3.564331    4.658603  ]
 [ 4.6350713   0.          4.5239773   0.0940218   2.723567    2.573102
  10.301365    2.912074    3.146369    2.8977442 ]
 [ 0.10539532  4.5239773   0.          4.3798447   0.66226673  2.2051487
   3.1794977   0.78287506  4.132536    4.1002502 ]
 [ 4.6224217   0.0940218   4.3798447   0.          2.4066286   3.0924902
  10.061516    2.5600138   3.911354    2.31149   ]
 [ 1.0448046   2.723567    0.66226673  2.4066286   0.          2.7033644
   4.8586082   0.01616573  4.557432    1.8915663 ]
 [ 1.8031454   2.573102    2.2051487   3.0924902   2.7033644   0.
   7.1697927   2.9888535   0.42271996  5.9001765 ]
 [ 2.9194975  10.301365    3.1794977  10.061516    4.8586082   7.1697927
   0.          5.0919914   9.420256    9.106541  ]
 [ 1.2222157   2.912074    0.78287506  2.5600138   0.01616573  2.9888535
   5.0919914   0.          4.8894415   1.8570843 ]
 [ 3.564331    3.146369    4.132536    3.911354    4.557432    0.42271996
   9.420256    4.8894415   0.          7.6485    ]
 [ 4.658603    2.8977442   4.1002502   2.31149     1.8915663   5.9001765
   9.106541    1.8570843   7.6485      0.        ]]
[[0. 6. 6. 7. 6. 5. 9. 8. 7. 7.]
 [6. 0. 6. 6. 6. 6. 9. 7. 8. 6.]
 [6. 6. 0. 4. 5. 5. 4. 7. 7. 7.]
 [7. 6. 4. 0. 6. 6. 6. 7. 8. 8.]
 [6. 6. 5. 6. 0. 4. 7. 7. 8. 7.]
 [5. 6. 5. 6. 4. 0. 7. 7. 6. 8.]
 [9. 9. 4. 6. 7. 7. 0. 6. 8. 7.]
 [8. 7. 7. 7. 7. 7. 6. 0. 8. 6.]
 [7. 8. 7. 8. 8. 6. 8. 8. 0. 6.]
 [7. 6. 7. 8. 7. 8. 7. 6. 6. 0.]]
Epoch: 0301 train_loss= 50.66489 time= 0.96286
Epoch: 0302 train_loss= 50.29421 time= 1.54324
Epoch: 0303 train_loss= 56.03328 time= 1.25786
Epoch: 0304 train_loss= 45.17598 time= 1.11145
Epoch: 0305 train_loss= 59.43663 time= 0.86061
Epoch: 0306 train_loss= 45.64043 time= 1.37358
Epoch: 0307 train_loss= 44.39052 time= 1.70910
Epoch: 0308 train_loss= 58.36797 time= 0.75891
Epoch: 0309 train_loss= 41.94613 time= 1.40203
Epoch: 0310 train_loss= 55.00830 time= 0.72631
Epoch: 0311 train_loss= 69.48244 time= 0.76498
Epoch: 0312 train_loss= 52.64315 time= 1.20315
Epoch: 0313 train_loss= 41.35468 time= 1.34321
Epoch: 0314 train_loss= 49.95907 time= 0.99940
Epoch: 0315 train_loss= 53.12674 time= 0.89316
Epoch: 0316 train_loss= 36.64808 time= 1.14400
Epoch: 0317 train_loss= 53.04811 time= 1.35252
Epoch: 0318 train_loss= 29.61046 time= 0.76986
Epoch: 0319 train_loss= 43.17622 time= 0.58744
Epoch: 0320 train_loss= 46.03363 time= 1.24505
Epoch: 0321 train_loss= 42.69936 time= 0.77392
Epoch: 0322 train_loss= 45.73125 time= 1.04442
Epoch: 0323 train_loss= 64.54319 time= 0.66297
Epoch: 0324 train_loss= 61.03999 time= 0.69245
Epoch: 0325 train_loss= 49.52487 time= 1.14253
Epoch: 0326 train_loss= 56.65160 time= 1.00485
Epoch: 0327 train_loss= 69.36262 time= 0.49282
Epoch: 0328 train_loss= 77.24503 time= 1.24637
Epoch: 0329 train_loss= 58.19517 time= 0.92340
Epoch: 0330 train_loss= 48.40063 time= 1.12421
Epoch: 0331 train_loss= 35.17880 time= 0.87401
Epoch: 0332 train_loss= 38.27262 time= 1.35431
Epoch: 0333 train_loss= 51.03514 time= 0.97780
Epoch: 0334 train_loss= 52.09620 time= 1.15197
Epoch: 0335 train_loss= 48.35921 time= 1.02929
Epoch: 0336 train_loss= 31.05591 time= 0.82175
Epoch: 0337 train_loss= 42.71709 time= 0.87992
Epoch: 0338 train_loss= 55.20157 time= 1.16924
Epoch: 0339 train_loss= 51.02066 time= 1.05018
Epoch: 0340 train_loss= 54.35200 time= 0.67320
Epoch: 0341 train_loss= 31.99647 time= 0.67693
Epoch: 0342 train_loss= 42.10298 time= 0.62055
Epoch: 0343 train_loss= 51.29137 time= 1.79310
Epoch: 0344 train_loss= 61.59874 time= 0.61961
Epoch: 0345 train_loss= 36.14128 time= 0.75653
Epoch: 0346 train_loss= 49.06534 time= 1.46221
Epoch: 0347 train_loss= 60.31982 time= 0.73905
Epoch: 0348 train_loss= 56.67675 time= 1.18479
Epoch: 0349 train_loss= 44.56972 time= 1.20922
Epoch: 0350 train_loss= 48.88469 time= 0.88246
Epoch: 0351 train_loss= 42.10235 time= 1.13460
Epoch: 0352 train_loss= 49.23852 time= 1.02902
Epoch: 0353 train_loss= 40.50400 time= 0.73090
Epoch: 0354 train_loss= 33.27875 time= 0.85425
Epoch: 0355 train_loss= 43.85759 time= 0.55939
Epoch: 0356 train_loss= 58.01041 time= 1.28172
Epoch: 0357 train_loss= 47.34069 time= 0.81214
Epoch: 0358 train_loss= 42.49255 time= 0.85919
Epoch: 0359 train_loss= 43.01624 time= 0.64688
Epoch: 0360 train_loss= 68.38630 time= 0.86155
Epoch: 0361 train_loss= 50.95142 time= 1.80515
Epoch: 0362 train_loss= 52.67669 time= 1.12934
Epoch: 0363 train_loss= 56.64433 time= 1.06905
Epoch: 0364 train_loss= 37.92039 time= 0.54130
Epoch: 0365 train_loss= 59.47009 time= 0.79078
Epoch: 0366 train_loss= 56.93019 time= 1.52998
Epoch: 0367 train_loss= 37.78604 time= 1.07348
Epoch: 0368 train_loss= 65.13235 time= 1.01768
Epoch: 0369 train_loss= 45.53948 time= 0.58031
Epoch: 0370 train_loss= 30.17430 time= 1.04167
Epoch: 0371 train_loss= 45.29783 time= 1.35515
Epoch: 0372 train_loss= 55.49762 time= 0.74806
Epoch: 0373 train_loss= 40.07658 time= 1.93802
Epoch: 0374 train_loss= 55.67562 time= 1.00659
Epoch: 0375 train_loss= 50.94604 time= 1.08403
Epoch: 0376 train_loss= 37.21505 time= 0.76114
Epoch: 0377 train_loss= 45.00369 time= 0.90901
Epoch: 0378 train_loss= 52.04317 time= 0.71896
Epoch: 0379 train_loss= 41.13814 time= 1.51822
Epoch: 0380 train_loss= 38.23926 time= 0.75787
Epoch: 0381 train_loss= 50.49278 time= 0.89694
Epoch: 0382 train_loss= 55.92002 time= 1.10325
Epoch: 0383 train_loss= 49.02682 time= 1.81969
Epoch: 0384 train_loss= 46.18398 time= 1.21781
Epoch: 0385 train_loss= 63.73518 time= 0.95900
Epoch: 0386 train_loss= 53.68031 time= 0.84093
Epoch: 0387 train_loss= 46.47607 time= 0.87582
Epoch: 0388 train_loss= 49.74904 time= 1.47449
Epoch: 0389 train_loss= 64.76572 time= 0.89777
Epoch: 0390 train_loss= 52.89946 time= 2.08719
Epoch: 0391 train_loss= 40.35911 time= 0.56986
Epoch: 0392 train_loss= 41.32170 time= 1.32289
Epoch: 0393 train_loss= 58.39072 time= 1.89753
Epoch: 0394 train_loss= 52.10121 time= 1.30551
Epoch: 0395 train_loss= 38.38917 time= 0.60203
Epoch: 0396 train_loss= 44.79181 time= 0.42227
Epoch: 0397 train_loss= 49.87820 time= 0.53210
Epoch: 0398 train_loss= 35.86324 time= 1.90783
Epoch: 0399 train_loss= 41.89987 time= 1.76708
Epoch: 0400 train_loss= 40.80416 time= 0.74904
[[ 0.          7.9626675  11.          5.163388    7.731366   11.
   8.842953    0.40079975  3.2283878   6.3322062 ]
 [ 7.9626675   0.          2.4352016   5.6346645   4.668212    2.0045958
   0.10136223 10.386863    5.016302    2.631424  ]
 [11.          2.4352016   0.          4.97844     2.7868462   0.07669544
   2.2463083  11.         10.3328705   8.194548  ]
 [ 5.163388    5.6346645   4.97844     0.          0.9766331   5.463494
   6.287911    6.3383613   8.569706    9.142174  ]
 [ 7.731366    4.668212    2.7868462   0.9766331   0.          3.3198214
   4.9538794   9.062833   10.387749    9.59353   ]
 [11.          2.0045958   0.07669544  5.463494    3.3198214   0.
   1.7991838  11.          9.866596    7.60812   ]
 [ 8.842953    0.10136223  2.2463083   6.287911    4.9538794   1.7991838
   0.         11.          5.6844954   3.1711464 ]
 [ 0.40079975 10.386863   11.          6.3383613   9.062833   11.
  11.          0.          4.861553    8.676285  ]
 [ 3.2283878   5.016302   10.3328705   8.569706   10.387749    9.866596
   5.6844954   4.861553    0.          1.7486734 ]
 [ 6.3322062   2.631424    8.194548    9.142174    9.59353     7.60812
   3.1711464   8.676285    1.7486734   0.        ]]
[[ 0.  8. 10.  6.  7.  6.  8.  6.  9. 10.]
 [ 8.  0.  7.  7.  6.  7.  6.  9. 10.  8.]
 [10.  7.  0.  9.  6.  7.  7. 11.  8.  8.]
 [ 6.  7.  9.  0.  5.  5.  6.  8.  9.  9.]
 [ 7.  6.  6.  5.  0.  4.  5.  8.  9.  7.]
 [ 6.  7.  7.  5.  4.  0.  5.  8.  9.  8.]
 [ 8.  6.  7.  6.  5.  5.  0.  8.  9.  9.]
 [ 6.  9. 11.  8.  8.  8.  8.  0. 10.  9.]
 [ 9. 10.  8.  9.  9.  9.  9. 10.  0.  8.]
 [10.  8.  8.  9.  7.  8.  9.  9.  8.  0.]]
Epoch: 0401 train_loss= 34.93913 time= 1.10945
Epoch: 0402 train_loss= 40.73935 time= 0.44828
Epoch: 0403 train_loss= 37.88762 time= 0.67001
Epoch: 0404 train_loss= 53.94189 time= 0.87796
Epoch: 0405 train_loss= 41.64034 time= 0.88449
Epoch: 0406 train_loss= 68.61790 time= 2.15427
Epoch: 0407 train_loss= 49.72909 time= 0.70033
Epoch: 0408 train_loss= 42.92127 time= 1.32073
Epoch: 0409 train_loss= 54.14072 time= 0.74455
Epoch: 0410 train_loss= 45.63512 time= 1.13763
Epoch: 0411 train_loss= 31.57907 time= 0.65801
Epoch: 0412 train_loss= 47.46630 time= 1.38812
Epoch: 0413 train_loss= 41.98607 time= 0.91727
Epoch: 0414 train_loss= 52.86197 time= 1.44867
Epoch: 0415 train_loss= 54.75931 time= 1.04504
Epoch: 0416 train_loss= 47.96528 time= 0.80864
Epoch: 0417 train_loss= 38.55534 time= 0.77285
Epoch: 0418 train_loss= 38.08495 time= 1.26167
Epoch: 0419 train_loss= 45.88253 time= 0.40163
Epoch: 0420 train_loss= 62.60529 time= 1.61934
Epoch: 0421 train_loss= 47.73288 time= 0.69953
Epoch: 0422 train_loss= 44.46155 time= 0.66317
Epoch: 0423 train_loss= 41.03392 time= 0.44715
Epoch: 0424 train_loss= 58.38657 time= 1.45290
Epoch: 0425 train_loss= 39.56999 time= 0.85726
Epoch: 0426 train_loss= 48.61691 time= 1.15092
Epoch: 0427 train_loss= 29.45608 time= 0.74512
Epoch: 0428 train_loss= 34.02818 time= 0.55462
Epoch: 0429 train_loss= 42.60065 time= 0.61933
Epoch: 0430 train_loss= 44.13182 time= 1.69095
Epoch: 0431 train_loss= 42.53656 time= 0.95922
Epoch: 0432 train_loss= 40.22345 time= 1.51416
Epoch: 0433 train_loss= 37.62958 time= 0.68515
Epoch: 0434 train_loss= 41.96792 time= 0.74434
Epoch: 0435 train_loss= 51.62250 time= 0.43217
Epoch: 0436 train_loss= 38.59756 time= 1.32714
Epoch: 0437 train_loss= 55.84166 time= 1.15095
Epoch: 0438 train_loss= 56.98022 time= 0.72083
Epoch: 0439 train_loss= 52.81904 time= 0.97498
Epoch: 0440 train_loss= 59.85508 time= 0.92933
Epoch: 0441 train_loss= 55.91267 time= 1.30502
Epoch: 0442 train_loss= 47.40831 time= 1.03117
Epoch: 0443 train_loss= 54.21776 time= 0.68810
Epoch: 0444 train_loss= 43.52515 time= 1.03445
Epoch: 0445 train_loss= 51.15680 time= 0.73615
Epoch: 0446 train_loss= 50.47189 time= 1.07206
Epoch: 0447 train_loss= 34.46489 time= 0.83732
Epoch: 0448 train_loss= 44.96890 time= 1.69702
Epoch: 0449 train_loss= 46.25364 time= 1.08405
Epoch: 0450 train_loss= 38.30379 time= 0.53086
Epoch: 0451 train_loss= 33.07969 time= 0.90689
Epoch: 0452 train_loss= 34.27979 time= 0.73890
Epoch: 0453 train_loss= 41.13803 time= 0.88285
Epoch: 0454 train_loss= 37.87694 time= 0.82736
Epoch: 0455 train_loss= 48.69593 time= 0.90409
Epoch: 0456 train_loss= 46.17200 time= 1.26360
Epoch: 0457 train_loss= 47.18164 time= 0.95142
Epoch: 0458 train_loss= 43.91340 time= 0.75958
Epoch: 0459 train_loss= 71.03825 time= 0.81653
Epoch: 0460 train_loss= 57.32332 time= 1.45823
Epoch: 0461 train_loss= 40.60939 time= 1.14176
Epoch: 0462 train_loss= 45.73839 time= 0.85974
Epoch: 0463 train_loss= 48.41965 time= 1.74171
Epoch: 0464 train_loss= 57.12112 time= 0.51344
Epoch: 0465 train_loss= 39.82122 time= 1.38948
Epoch: 0466 train_loss= 53.12686 time= 0.76535
Epoch: 0467 train_loss= 39.80922 time= 0.85650
Epoch: 0468 train_loss= 33.91774 time= 0.67196
Epoch: 0469 train_loss= 65.27026 time= 1.25956
Epoch: 0470 train_loss= 49.07717 time= 1.23130
Epoch: 0471 train_loss= 54.53148 time= 0.85534
Epoch: 0472 train_loss= 45.08396 time= 1.18044
Epoch: 0473 train_loss= 37.66470 time= 0.89551
Epoch: 0474 train_loss= 69.50962 time= 0.94739
Epoch: 0475 train_loss= 39.58398 time= 1.08222
Epoch: 0476 train_loss= 35.12745 time= 1.50216
Epoch: 0477 train_loss= 39.41705 time= 0.68151
Epoch: 0478 train_loss= 37.23437 time= 0.63076
Epoch: 0479 train_loss= 47.18700 time= 0.94309
Epoch: 0480 train_loss= 40.69059 time= 0.91152
Epoch: 0481 train_loss= 48.92788 time= 1.65992
Epoch: 0482 train_loss= 38.06497 time= 0.69551
Epoch: 0483 train_loss= 38.16988 time= 0.99562
Epoch: 0484 train_loss= 51.73458 time= 0.66942
Epoch: 0485 train_loss= 58.71415 time= 0.84924
Epoch: 0486 train_loss= 63.36093 time= 0.54527
Epoch: 0487 train_loss= 43.41766 time= 1.46756
Epoch: 0488 train_loss= 46.68339 time= 1.21818
Epoch: 0489 train_loss= 52.60568 time= 1.22896
Epoch: 0490 train_loss= 34.34840 time= 0.95714
Epoch: 0491 train_loss= 40.28138 time= 1.71071
Epoch: 0492 train_loss= 66.70100 time= 0.54172
Epoch: 0493 train_loss= 43.24127 time= 1.51999
Epoch: 0494 train_loss= 36.74628 time= 1.10814
Epoch: 0495 train_loss= 47.39858 time= 1.16745
Epoch: 0496 train_loss= 40.91132 time= 1.23252
Epoch: 0497 train_loss= 38.35076 time= 0.93334
Epoch: 0498 train_loss= 46.06708 time= 0.86266
Epoch: 0499 train_loss= 50.46107 time= 1.49314
Epoch: 0500 train_loss= 29.99490 time= 0.79273
[[ 0.          1.7702446   4.6045513   7.017215    0.07587147  3.7789469
   7.8531957   2.1866255   8.950437    5.071988  ]
 [ 1.7702446   0.          1.3064241   4.1213026   1.357151    3.1243172
   8.271392    5.2277646   5.9245396   6.089443  ]
 [ 4.6045513   1.3064241   0.          2.2742167   4.173893    4.756027
  10.083614    8.046263    3.5080214   8.136517  ]
 [ 7.017215    4.1213026   2.2742167   0.          6.475218    2.9956102
   7.286441    9.203419    0.20869255  6.4321227 ]
 [ 0.07587147  1.357151    4.173893    6.475218    0.          3.2468748
   7.6176343   2.556736    8.391173    4.9762955 ]
 [ 3.7789469   3.1243172   4.756027    2.9956102   3.2468748   0.
   3.1192532   4.987142    3.9392643   2.1024904 ]
 [ 7.8531957   8.271392   10.083614    7.286441    7.6176343   3.1192532
   0.          5.2113123   7.9461875   0.5708895 ]
 [ 2.1866255   5.2277646   8.046263    9.203419    2.556736    4.987142
   5.2113123   0.         10.7865505   2.8005695 ]
 [ 8.950437    5.9245396   3.5080214   0.20869255  8.391173    3.9392643
   7.9461875  10.7865505   0.          7.376384  ]
 [ 5.071988    6.089443    8.136517    6.4321227   4.9762955   2.1024904
   0.5708895   2.8005695   7.376384    0.        ]]
[[ 0.  6.  6.  6.  7.  5.  7.  7.  7.  7.]
 [ 6.  0.  5.  4.  4.  6.  6.  8.  5.  6.]
 [ 6.  5.  0.  5.  6.  5.  9.  9.  6.  6.]
 [ 6.  4.  5.  0.  6.  4.  8. 10.  7.  5.]
 [ 7.  4.  6.  6.  0.  7.  7.  6.  7.  7.]
 [ 5.  6.  5.  4.  7.  0.  8.  8.  5.  5.]
 [ 7.  6.  9.  8.  7.  8.  0.  6.  7.  7.]
 [ 7.  8.  9. 10.  6.  8.  6.  0.  9.  8.]
 [ 7.  5.  6.  7.  7.  5.  7.  9.  0.  7.]
 [ 7.  6.  6.  5.  7.  5.  7.  8.  7.  0.]]
Epoch: 0501 train_loss= 30.67863 time= 1.02693
Epoch: 0502 train_loss= 56.56235 time= 1.42172
Epoch: 0503 train_loss= 42.95246 time= 1.18959
Epoch: 0504 train_loss= 49.68366 time= 0.96418
Epoch: 0505 train_loss= 32.19651 time= 0.86526
Epoch: 0506 train_loss= 57.33614 time= 0.79569
Epoch: 0507 train_loss= 40.83575 time= 0.71363
Epoch: 0508 train_loss= 38.57145 time= 0.98213
Epoch: 0509 train_loss= 37.66213 time= 0.60889
Epoch: 0510 train_loss= 48.04858 time= 1.60002
Epoch: 0511 train_loss= 37.38100 time= 1.19431
Epoch: 0512 train_loss= 38.43443 time= 0.74211
Epoch: 0513 train_loss= 39.83221 time= 0.52809
Epoch: 0514 train_loss= 40.49262 time= 1.11671
Epoch: 0515 train_loss= 35.15215 time= 0.80924
Epoch: 0516 train_loss= 66.10602 time= 1.08972
Epoch: 0517 train_loss= 46.18114 time= 0.83680
Epoch: 0518 train_loss= 41.79203 time= 1.25058
Epoch: 0519 train_loss= 34.80054 time= 0.68842
Epoch: 0520 train_loss= 50.66838 time= 0.50367
Epoch: 0521 train_loss= 43.97943 time= 0.72909
Epoch: 0522 train_loss= 43.79330 time= 0.92123
Epoch: 0523 train_loss= 66.70475 time= 0.96719
Epoch: 0524 train_loss= 67.24168 time= 0.63066
Epoch: 0525 train_loss= 48.23192 time= 1.07664
Epoch: 0526 train_loss= 35.79137 time= 0.72330
Epoch: 0527 train_loss= 29.20939 time= 1.00635
Epoch: 0528 train_loss= 54.52603 time= 1.13472
Epoch: 0529 train_loss= 53.81858 time= 1.16655
Epoch: 0530 train_loss= 40.00926 time= 1.18102
Epoch: 0531 train_loss= 50.28852 time= 0.70169
Epoch: 0532 train_loss= 47.15447 time= 0.58665
Epoch: 0533 train_loss= 42.90214 time= 0.86868
Epoch: 0534 train_loss= 64.96461 time= 1.15414
Epoch: 0535 train_loss= 38.35578 time= 0.72965
Epoch: 0536 train_loss= 52.86152 time= 1.12135
Epoch: 0537 train_loss= 40.13532 time= 0.74227
Epoch: 0538 train_loss= 43.71384 time= 0.97831
Epoch: 0539 train_loss= 55.19142 time= 0.90281
Epoch: 0540 train_loss= 43.83835 time= 1.10104
Epoch: 0541 train_loss= 56.62115 time= 1.05417
Epoch: 0542 train_loss= 36.03881 time= 0.93450
Epoch: 0543 train_loss= 43.28376 time= 0.80424
Epoch: 0544 train_loss= 35.79808 time= 0.73229
Epoch: 0545 train_loss= 32.68734 time= 1.27816
Epoch: 0546 train_loss= 47.07332 time= 0.81213
Epoch: 0547 train_loss= 59.12758 time= 0.90660
Epoch: 0548 train_loss= 38.26151 time= 0.79414
Epoch: 0549 train_loss= 38.45374 time= 0.51468
Epoch: 0550 train_loss= 53.80621 time= 1.26644
Epoch: 0551 train_loss= 37.82445 time= 0.81931
Epoch: 0552 train_loss= 35.14644 time= 1.10796
Epoch: 0553 train_loss= 45.23996 time= 0.40531
Epoch: 0554 train_loss= 41.15380 time= 0.84428
Epoch: 0555 train_loss= 65.19219 time= 1.56993
Epoch: 0556 train_loss= 55.33825 time= 0.78243
Epoch: 0557 train_loss= 52.61780 time= 1.06125
Epoch: 0558 train_loss= 43.82217 time= 0.51987
Epoch: 0559 train_loss= 35.86032 time= 1.03165
Epoch: 0560 train_loss= 45.21564 time= 0.79069
Epoch: 0561 train_loss= 54.40663 time= 1.18715
Epoch: 0562 train_loss= 47.80749 time= 0.49777
Epoch: 0563 train_loss= 37.27304 time= 1.07660
Epoch: 0564 train_loss= 39.96174 time= 0.87590
Epoch: 0565 train_loss= 49.42843 time= 1.36455
Epoch: 0566 train_loss= 47.85395 time= 0.84728
Epoch: 0567 train_loss= 45.41703 time= 0.77863
Epoch: 0568 train_loss= 51.16510 time= 0.61181
Epoch: 0569 train_loss= 50.71233 time= 0.72736
Epoch: 0570 train_loss= 43.30336 time= 1.11621
Epoch: 0571 train_loss= 46.45845 time= 1.13407
Epoch: 0572 train_loss= 48.98390 time= 0.87075
Epoch: 0573 train_loss= 50.62371 time= 0.71821
Epoch: 0574 train_loss= 52.42131 time= 1.44337
Epoch: 0575 train_loss= 46.70268 time= 0.81333
Epoch: 0576 train_loss= 33.79744 time= 1.80052
Epoch: 0577 train_loss= 58.38271 time= 0.75383
Epoch: 0578 train_loss= 36.47306 time= 1.14235
Epoch: 0579 train_loss= 38.01638 time= 2.20643
Epoch: 0580 train_loss= 35.85232 time= 0.90023
Epoch: 0581 train_loss= 37.46667 time= 0.66560
Epoch: 0582 train_loss= 31.09031 time= 1.17539
Epoch: 0583 train_loss= 44.02161 time= 0.80995
Epoch: 0584 train_loss= 40.10924 time= 0.81979
Epoch: 0585 train_loss= 65.13640 time= 1.33071
Epoch: 0586 train_loss= 47.95214 time= 0.46311
Epoch: 0587 train_loss= 56.00140 time= 2.49544
Epoch: 0588 train_loss= 35.03828 time= 1.23932
Epoch: 0589 train_loss= 52.91973 time= 1.14111
Epoch: 0590 train_loss= 34.35629 time= 1.25487
Epoch: 0591 train_loss= 44.63217 time= 0.96594
Epoch: 0592 train_loss= 48.04122 time= 0.97251
Epoch: 0593 train_loss= 39.55321 time= 0.48761
Epoch: 0594 train_loss= 45.52013 time= 1.45008
Epoch: 0595 train_loss= 49.09037 time= 0.90791
Epoch: 0596 train_loss= 54.01715 time= 0.55741
Epoch: 0597 train_loss= 40.23381 time= 0.88732
Epoch: 0598 train_loss= 78.36773 time= 0.79399
Epoch: 0599 train_loss= 66.73265 time= 1.28074
Epoch: 0600 train_loss= 54.30013 time= 0.87656
[[0.00000000e+00 3.26872635e+00 3.38709641e+00 5.06310463e-01
  6.89888000e-03 3.11963367e+00 8.52156639e-01 2.97822952e-02
  1.13074207e+00 7.11309338e+00]
 [3.26872635e+00 0.00000000e+00 6.79561710e+00 2.75462055e+00
  3.14833546e+00 1.86204910e-02 4.94715595e+00 3.16900253e+00
  4.76651287e+00 5.97934246e+00]
 [3.38709641e+00 6.79561710e+00 0.00000000e+00 5.19680405e+00
  3.53740501e+00 6.73433113e+00 1.91101456e+00 3.79738331e+00
  1.42248535e+00 3.36676884e+00]
 [5.06310463e-01 2.75462055e+00 5.19680405e+00 0.00000000e+00
  4.37516212e-01 2.58679867e+00 2.30310917e+00 3.16861153e-01
  2.76474571e+00 8.32283878e+00]
 [6.89888000e-03 3.14833546e+00 3.53740501e+00 4.37516212e-01
  0.00000000e+00 2.99813938e+00 9.92211342e-01 1.36938095e-02
  1.26243210e+00 7.22173500e+00]
 [3.11963367e+00 1.86204910e-02 6.73433113e+00 2.58679867e+00
  2.99813938e+00 0.00000000e+00 4.81949139e+00 3.01423645e+00
  4.65437508e+00 6.29432297e+00]
 [8.52156639e-01 4.94715595e+00 1.91101456e+00 2.30310917e+00
  9.92211342e-01 4.81949139e+00 0.00000000e+00 1.16326427e+00
  1.55065536e-01 5.89146900e+00]
 [2.97822952e-02 3.16900253e+00 3.79738331e+00 3.16861153e-01
  1.36938095e-02 3.01423645e+00 1.16326427e+00 0.00000000e+00
  1.48828697e+00 7.48846483e+00]
 [1.13074207e+00 4.76651287e+00 1.42248535e+00 2.76474571e+00
  1.26243210e+00 4.65437508e+00 1.55065536e-01 1.48828697e+00
  0.00000000e+00 5.23917007e+00]
 [7.11309338e+00 5.97934246e+00 3.36676884e+00 8.32283878e+00
  7.22173500e+00 6.29432297e+00 5.89146900e+00 7.48846483e+00
  5.23917007e+00 0.00000000e+00]]
[[ 0.  6.  9.  3.  6.  4. 10.  5. 11.  8.]
 [ 6.  0.  8.  7.  6.  4.  7.  7.  9.  6.]
 [ 9.  8.  0.  9. 10.  9.  7.  9.  8.  7.]
 [ 3.  7.  9.  0.  5.  5. 10.  6. 11.  9.]
 [ 6.  6. 10.  5.  0.  3. 10.  3. 10.  8.]
 [ 4.  4.  9.  5.  3.  0.  9.  4. 10.  6.]
 [10.  7.  7. 10. 10.  9.  0. 10.  5.  8.]
 [ 5.  7.  9.  6.  3.  4. 10.  0. 10.  9.]
 [11.  9.  8. 11. 10. 10.  5. 10.  0. 10.]
 [ 8.  6.  7.  9.  8.  6.  8.  9. 10.  0.]]
Epoch: 0601 train_loss= 52.26802 time= 0.75243
Epoch: 0602 train_loss= 52.53649 time= 0.67224
Epoch: 0603 train_loss= 41.79912 time= 1.65896
Epoch: 0604 train_loss= 39.99476 time= 0.84432
Epoch: 0605 train_loss= 51.82593 time= 0.75241
Epoch: 0606 train_loss= 36.29262 time= 1.72687
Epoch: 0607 train_loss= 43.97958 time= 0.60962
Epoch: 0608 train_loss= 45.60414 time= 0.73849
Epoch: 0609 train_loss= 35.76191 time= 1.21346
Epoch: 0610 train_loss= 42.90470 time= 0.81344
Epoch: 0611 train_loss= 43.01991 time= 0.84694
Epoch: 0612 train_loss= 36.10959 time= 1.05001
Epoch: 0613 train_loss= 46.96801 time= 0.71045
Epoch: 0614 train_loss= 44.39021 time= 0.63277
Epoch: 0615 train_loss= 49.31885 time= 1.81018
Epoch: 0616 train_loss= 35.32397 time= 0.70204
Epoch: 0617 train_loss= 45.71477 time= 0.73538
Epoch: 0618 train_loss= 62.15632 time= 0.90226
Epoch: 0619 train_loss= 48.03051 time= 0.65365
Epoch: 0620 train_loss= 40.07495 time= 1.35588
Epoch: 0621 train_loss= 37.98953 time= 0.95498
Epoch: 0622 train_loss= 46.37275 time= 1.17309
Epoch: 0623 train_loss= 38.21247 time= 0.89226
Epoch: 0624 train_loss= 28.34524 time= 0.88143
Epoch: 0625 train_loss= 42.26719 time= 0.93019
Epoch: 0626 train_loss= 33.05238 time= 1.14141
Epoch: 0627 train_loss= 35.74984 time= 0.77348
Epoch: 0628 train_loss= 39.48060 time= 0.84403
Epoch: 0629 train_loss= 45.01441 time= 0.75492
Epoch: 0630 train_loss= 42.84821 time= 0.59417
Epoch: 0631 train_loss= 47.51384 time= 0.56663
Epoch: 0632 train_loss= 38.33331 time= 0.89577
Epoch: 0633 train_loss= 47.63155 time= 0.89378
Epoch: 0634 train_loss= 29.34494 time= 1.26025
Epoch: 0635 train_loss= 45.57365 time= 0.87760
Epoch: 0636 train_loss= 41.31343 time= 1.36995
Epoch: 0637 train_loss= 51.47751 time= 0.91634
Epoch: 0638 train_loss= 44.03620 time= 0.72012
Epoch: 0639 train_loss= 35.57714 time= 1.03407
Epoch: 0640 train_loss= 49.61929 time= 0.60955
Epoch: 0641 train_loss= 46.39716 time= 1.10177
Epoch: 0642 train_loss= 42.52008 time= 0.90313
Epoch: 0643 train_loss= 39.62662 time= 0.95592
Epoch: 0644 train_loss= 31.89866 time= 1.21806
Epoch: 0645 train_loss= 38.01659 time= 0.58594
Epoch: 0646 train_loss= 37.96569 time= 0.92426
Epoch: 0647 train_loss= 36.02210 time= 1.15252
Epoch: 0648 train_loss= 44.34064 time= 0.45438
Epoch: 0649 train_loss= 47.46700 time= 0.85303
Epoch: 0650 train_loss= 47.63218 time= 0.85734
Epoch: 0651 train_loss= 40.18694 time= 0.76171
Epoch: 0652 train_loss= 28.43867 time= 0.70430
Epoch: 0653 train_loss= 33.27920 time= 1.12338
Epoch: 0654 train_loss= 36.95190 time= 0.97522
Epoch: 0655 train_loss= 39.62841 time= 0.55630
Epoch: 0656 train_loss= 40.72853 time= 0.75031
Epoch: 0657 train_loss= 47.70624 time= 1.40345
Epoch: 0658 train_loss= 47.51048 time= 1.27805
Epoch: 0659 train_loss= 43.85792 time= 1.07605
Epoch: 0660 train_loss= 52.28125 time= 1.37467
Epoch: 0661 train_loss= 52.86394 time= 0.55666
Epoch: 0662 train_loss= 34.53090 time= 0.88781
Epoch: 0663 train_loss= 38.11642 time= 1.24419
Epoch: 0664 train_loss= 36.04486 time= 0.49610
Epoch: 0665 train_loss= 27.49399 time= 1.36585
Epoch: 0666 train_loss= 53.74767 time= 0.81779
Epoch: 0667 train_loss= 48.15416 time= 0.61237
Epoch: 0668 train_loss= 33.79399 time= 0.58982
Epoch: 0669 train_loss= 38.34024 time= 0.96986
Epoch: 0670 train_loss= 74.55467 time= 0.39113
Epoch: 0671 train_loss= 35.21275 time= 0.99273
Epoch: 0672 train_loss= 45.21800 time= 1.05114
Epoch: 0673 train_loss= 50.52333 time= 1.37775
Epoch: 0674 train_loss= 50.48373 time= 0.95950
Epoch: 0675 train_loss= 59.32970 time= 0.81467
Epoch: 0676 train_loss= 52.47769 time= 1.36539
Epoch: 0677 train_loss= 45.43943 time= 0.63662
Epoch: 0678 train_loss= 41.23277 time= 0.77536
Epoch: 0679 train_loss= 42.29410 time= 1.06830
Epoch: 0680 train_loss= 53.34449 time= 0.80743
Epoch: 0681 train_loss= 57.10438 time= 1.40765
Epoch: 0682 train_loss= 48.43493 time= 0.66933
Epoch: 0683 train_loss= 27.12086 time= 1.12784
Epoch: 0684 train_loss= 53.82927 time= 0.75423
Epoch: 0685 train_loss= 38.03917 time= 1.87097
Epoch: 0686 train_loss= 47.23668 time= 0.81461
Epoch: 0687 train_loss= 50.09263 time= 1.03076
Epoch: 0688 train_loss= 55.15299 time= 1.31392
Epoch: 0689 train_loss= 34.68946 time= 0.81067
Epoch: 0690 train_loss= 48.13633 time= 1.09163
Epoch: 0691 train_loss= 32.43263 time= 0.72060
Epoch: 0692 train_loss= 39.27182 time= 0.56271
Epoch: 0693 train_loss= 41.57679 time= 0.91584
Epoch: 0694 train_loss= 39.75001 time= 0.70233
Epoch: 0695 train_loss= 37.20191 time= 0.66835
Epoch: 0696 train_loss= 51.04918 time= 1.58050
Epoch: 0697 train_loss= 41.36071 time= 1.28335
Epoch: 0698 train_loss= 49.23291 time= 0.64857
Epoch: 0699 train_loss= 33.40045 time= 1.42569
Epoch: 0700 train_loss= 47.29733 time= 1.16006
[[ 0.          2.6010885   7.8751893   2.8098173   8.414568    0.50198555
   8.222993    7.6583138   6.4458632   6.8228273 ]
 [ 2.6010885   0.          6.547301    5.4833956   9.78393     1.0328941
  11.          8.759665    6.60953    10.436171  ]
 [ 7.8751893   6.547301    0.          4.393362    2.9564886   6.7434855
   7.836933    2.1901875   0.61761475  7.8451004 ]
 [ 2.8098173   5.4833956   4.393362    0.          3.3881502   3.1893377
   3.6466293   2.8308754   2.6815615   2.8259888 ]
 [ 8.414568    9.78393     2.9564886   3.3881502   0.          8.130745
   3.2444496   0.18762875  1.8985062   3.7595034 ]
 [ 0.50198555  1.0328941   6.7434855   3.1893377   8.130745    0.
   8.977503    7.270934    5.6733975   7.696107  ]
 [ 8.222993   11.          7.836933    3.6466293   3.2444496   8.977503
   0.          3.8096008   5.811584    0.34679508]
 [ 7.6583138   8.759665    2.1901875   2.8308754   0.18762875  7.270934
   3.8096008   0.          1.1417646   4.08486   ]
 [ 6.4458632   6.60953     0.61761475  2.6815615   1.8985062   5.6733975
   5.811584    1.1417646   0.          5.7548966 ]
 [ 6.8228273  10.436171    7.8451004   2.8259888   3.7595034   7.696107
   0.34679508  4.08486     5.7548966   0.        ]]
[[ 0.  5.  6.  6.  8.  5.  5.  8.  6.  8.]
 [ 5.  0.  7.  7.  8.  7.  8.  8.  8.  9.]
 [ 6.  7.  0.  7.  5.  7.  6.  8.  5.  9.]
 [ 6.  7.  7.  0.  8.  4.  5.  8.  7.  9.]
 [ 8.  8.  5.  8.  0.  9.  8.  6.  7. 10.]
 [ 5.  7.  7.  4.  9.  0.  5. 10.  7.  7.]
 [ 5.  8.  6.  5.  8.  5.  0.  8.  8.  8.]
 [ 8.  8.  8.  8.  6. 10.  8.  0.  8. 10.]
 [ 6.  8.  5.  7.  7.  7.  8.  8.  0.  8.]
 [ 8.  9.  9.  9. 10.  7.  8. 10.  8.  0.]]
Epoch: 0701 train_loss= 37.63699 time= 0.81656
Epoch: 0702 train_loss= 37.92912 time= 0.85035
Epoch: 0703 train_loss= 34.96135 time= 0.66961
Epoch: 0704 train_loss= 27.22460 time= 0.91325
Epoch: 0705 train_loss= 41.66386 time= 0.72545
Epoch: 0706 train_loss= 34.77468 time= 0.66551
Epoch: 0707 train_loss= 74.15089 time= 0.65477
Epoch: 0708 train_loss= 49.78072 time= 1.34722
Epoch: 0709 train_loss= 55.98597 time= 0.68112
Epoch: 0710 train_loss= 40.72942 time= 0.67534
Epoch: 0711 train_loss= 45.13057 time= 1.21951
Epoch: 0712 train_loss= 44.11208 time= 0.91456
Epoch: 0713 train_loss= 57.20506 time= 1.09634
Epoch: 0714 train_loss= 50.14320 time= 0.70063
Epoch: 0715 train_loss= 47.46252 time= 0.84609
Epoch: 0716 train_loss= 32.41224 time= 0.65268
Epoch: 0717 train_loss= 47.84917 time= 0.83413
Epoch: 0718 train_loss= 28.22997 time= 1.46857
Epoch: 0719 train_loss= 46.04457 time= 0.81773
Epoch: 0720 train_loss= 39.95082 time= 0.71982
Epoch: 0721 train_loss= 36.75262 time= 0.62247
Epoch: 0722 train_loss= 54.79553 time= 1.24868
Epoch: 0723 train_loss= 40.78773 time= 0.65986
Epoch: 0724 train_loss= 56.24583 time= 1.57396
Epoch: 0725 train_loss= 39.97292 time= 0.70347
Epoch: 0726 train_loss= 48.06803 time= 1.05437
Epoch: 0727 train_loss= 56.58227 time= 0.56063
Epoch: 0728 train_loss= 39.92618 time= 1.52994
Epoch: 0729 train_loss= 66.39364 time= 0.77631
Epoch: 0730 train_loss= 43.38750 time= 0.53384
Epoch: 0731 train_loss= 47.80866 time= 1.00821
Epoch: 0732 train_loss= 39.95879 time= 1.18946
Epoch: 0733 train_loss= 46.08326 time= 1.32049
Epoch: 0734 train_loss= 36.72894 time= 1.71796
Epoch: 0735 train_loss= 34.03305 time= 0.62693
Epoch: 0736 train_loss= 55.99444 time= 0.66337
Epoch: 0737 train_loss= 30.97599 time= 1.37804
Epoch: 0738 train_loss= 53.94113 time= 0.85157
Epoch: 0739 train_loss= 37.95281 time= 1.08074
Epoch: 0740 train_loss= 42.28924 time= 1.03009
Epoch: 0741 train_loss= 35.32103 time= 0.85286
Epoch: 0742 train_loss= 46.27834 time= 1.54810
Epoch: 0743 train_loss= 38.04991 time= 0.52618
Epoch: 0744 train_loss= 35.28025 time= 0.96534
Epoch: 0745 train_loss= 41.32394 time= 1.00483
Epoch: 0746 train_loss= 34.47530 time= 0.95553
Epoch: 0747 train_loss= 41.28363 time= 0.74954
Epoch: 0748 train_loss= 49.18605 time= 0.65432
Epoch: 0749 train_loss= 42.94584 time= 0.88014
Epoch: 0750 train_loss= 45.46291 time= 0.90657
Epoch: 0751 train_loss= 36.26192 time= 1.11145
Epoch: 0752 train_loss= 38.78956 time= 0.81001
Epoch: 0753 train_loss= 36.09390 time= 0.87245
Epoch: 0754 train_loss= 45.42134 time= 0.83537
Epoch: 0755 train_loss= 39.21988 time= 0.80592
Epoch: 0756 train_loss= 35.82616 time= 1.01945
Epoch: 0757 train_loss= 50.42667 time= 0.60625
Epoch: 0758 train_loss= 61.31225 time= 1.23016
Epoch: 0759 train_loss= 46.20396 time= 0.66044
Epoch: 0760 train_loss= 42.02663 time= 0.92452
Epoch: 0761 train_loss= 40.16444 time= 0.63907
Epoch: 0762 train_loss= 36.49957 time= 1.17845
Epoch: 0763 train_loss= 43.78619 time= 0.75728
Epoch: 0764 train_loss= 39.45895 time= 0.52238
Epoch: 0765 train_loss= 48.59712 time= 0.80946
Epoch: 0766 train_loss= 49.30356 time= 0.78521
Epoch: 0767 train_loss= 32.72709 time= 0.69315
Epoch: 0768 train_loss= 41.39127 time= 1.06223
Epoch: 0769 train_loss= 30.40449 time= 1.38765
Epoch: 0770 train_loss= 50.43043 time= 0.68238
Epoch: 0771 train_loss= 34.48506 time= 0.60028
Epoch: 0772 train_loss= 50.77087 time= 0.77346
Epoch: 0773 train_loss= 29.33788 time= 0.71837
Epoch: 0774 train_loss= 33.24861 time= 1.13510
Epoch: 0775 train_loss= 37.97536 time= 0.95233
Epoch: 0776 train_loss= 47.41299 time= 0.51713
Epoch: 0777 train_loss= 29.70939 time= 1.49662
Epoch: 0778 train_loss= 36.64193 time= 0.67850
Epoch: 0779 train_loss= 38.75904 time= 0.54748
Epoch: 0780 train_loss= 39.80833 time= 1.25504
Epoch: 0781 train_loss= 46.52388 time= 0.35579
Epoch: 0782 train_loss= 41.82911 time= 0.81871
Epoch: 0783 train_loss= 31.03050 time= 0.72612
Epoch: 0784 train_loss= 31.23734 time= 0.90469
Epoch: 0785 train_loss= 38.61664 time= 0.72938
Epoch: 0786 train_loss= 36.21337 time= 0.68216
Epoch: 0787 train_loss= 49.81822 time= 2.13091
Epoch: 0788 train_loss= 56.58904 time= 1.16888
Epoch: 0789 train_loss= 37.52289 time= 1.66565
Epoch: 0790 train_loss= 53.03717 time= 0.81451
Epoch: 0791 train_loss= 40.87314 time= 0.90341
Epoch: 0792 train_loss= 58.75468 time= 0.48058
Epoch: 0793 train_loss= 57.22936 time= 0.57485
Epoch: 0794 train_loss= 47.94434 time= 0.83744
Epoch: 0795 train_loss= 36.32501 time= 1.03866
Epoch: 0796 train_loss= 45.39593 time= 1.20106
Epoch: 0797 train_loss= 42.35155 time= 0.78960
Epoch: 0798 train_loss= 39.39394 time= 0.49407
Epoch: 0799 train_loss= 35.88815 time= 1.21543
Epoch: 0800 train_loss= 41.60495 time= 0.39453
[[0.         7.343909   1.2253017  7.184077   6.426362   5.1314077
  7.587567   8.801449   7.3980107  7.023539  ]
 [7.343909   0.         6.9882455  2.957574   1.03899    4.269512
  4.1355343  1.2336521  3.2750816  3.03969   ]
 [1.2253017  6.9882455  0.         5.9161024  5.4543247  3.1903753
  6.0056386  8.699051   6.0956554  5.7016697 ]
 [7.184077   2.957574   5.9161024  0.         0.7987156  1.5714006
  0.6130543  5.756892   0.04121399 0.01469612]
 [6.426362   1.03899    5.4543247  0.7987156  0.         2.2267685
  1.9103527  3.4169865  1.0779114  0.8750963 ]
 [5.1314077  4.269512   3.1903753  1.5714006  2.2267685  0.
  1.0638008  6.7654333  1.4924202  1.3310509 ]
 [7.587567   4.1355343  6.0056386  0.6130543  1.9103527  1.0638008
  0.         6.939414   0.3839283  0.4642191 ]
 [8.801449   1.2336521  8.699051   5.756892   3.4169865  6.7654333
  6.939414   0.         6.087537   5.8225327 ]
 [7.3980107  3.2750816  6.0956554  0.04121399 1.0779114  1.4924202
  0.3839283  6.087537   0.         0.02378082]
 [7.023539   3.03969    5.7016697  0.01469612 0.8750963  1.3310509
  0.4642191  5.8225327  0.02378082 0.        ]]
[[0. 6. 7. 8. 8. 7. 7. 6. 8. 7.]
 [6. 0. 7. 6. 6. 6. 6. 3. 6. 6.]
 [7. 7. 0. 7. 7. 5. 7. 7. 7. 7.]
 [8. 6. 7. 0. 7. 4. 6. 7. 5. 7.]
 [8. 6. 7. 7. 0. 8. 6. 5. 6. 4.]
 [7. 6. 5. 4. 8. 0. 5. 7. 6. 7.]
 [7. 6. 7. 6. 6. 5. 0. 5. 7. 6.]
 [6. 3. 7. 7. 5. 7. 5. 0. 6. 5.]
 [8. 6. 7. 5. 6. 6. 7. 6. 0. 5.]
 [7. 6. 7. 7. 4. 7. 6. 5. 5. 0.]]
Epoch: 0801 train_loss= 48.53278 time= 0.51536
Epoch: 0802 train_loss= 50.56424 time= 0.83390
Epoch: 0803 train_loss= 48.27084 time= 0.89734
Epoch: 0804 train_loss= 33.73371 time= 1.19546
Epoch: 0805 train_loss= 73.86211 time= 0.71573
Epoch: 0806 train_loss= 48.14624 time= 0.81641
Epoch: 0807 train_loss= 38.90182 time= 0.55158
Epoch: 0808 train_loss= 37.43587 time= 1.91313
Epoch: 0809 train_loss= 55.99213 time= 0.89477
Epoch: 0810 train_loss= 58.22641 time= 1.38097
Epoch: 0811 train_loss= 36.60342 time= 1.46620
Epoch: 0812 train_loss= 43.52715 time= 1.07861
Epoch: 0813 train_loss= 38.64334 time= 0.95374
Epoch: 0814 train_loss= 42.91936 time= 1.08495
Epoch: 0815 train_loss= 41.83941 time= 1.18827
Epoch: 0816 train_loss= 46.38286 time= 0.85346
Epoch: 0817 train_loss= 38.08279 time= 0.60118
Epoch: 0818 train_loss= 47.41031 time= 0.65168
Epoch: 0819 train_loss= 36.00073 time= 1.84593
Epoch: 0820 train_loss= 36.21546 time= 0.62913
Epoch: 0821 train_loss= 32.19684 time= 0.91417
Epoch: 0822 train_loss= 35.18286 time= 1.07685
Epoch: 0823 train_loss= 32.06433 time= 1.59625
Epoch: 0824 train_loss= 46.74348 time= 0.94442
Epoch: 0825 train_loss= 32.35949 time= 1.77014
Epoch: 0826 train_loss= 32.35054 time= 1.12977
Epoch: 0827 train_loss= 39.43587 time= 0.79686
Epoch: 0828 train_loss= 36.06821 time= 0.61713
Epoch: 0829 train_loss= 34.35320 time= 0.93196
Epoch: 0830 train_loss= 46.32718 time= 0.71422
Epoch: 0831 train_loss= 29.72841 time= 0.80817
Epoch: 0832 train_loss= 37.84407 time= 0.71359
Epoch: 0833 train_loss= 40.71533 time= 1.03176
Epoch: 0834 train_loss= 45.19036 time= 1.67856
Epoch: 0835 train_loss= 26.35068 time= 1.10121
Epoch: 0836 train_loss= 50.84349 time= 0.78716
Epoch: 0837 train_loss= 45.46105 time= 0.58050
Epoch: 0838 train_loss= 35.97703 time= 0.68826
Epoch: 0839 train_loss= 45.17508 time= 1.08147
Epoch: 0840 train_loss= 57.00624 time= 0.78078
Epoch: 0841 train_loss= 43.08793 time= 0.42246
Epoch: 0842 train_loss= 41.88076 time= 1.12827
Epoch: 0843 train_loss= 40.31715 time= 0.67393
Epoch: 0844 train_loss= 48.83337 time= 0.97134
Epoch: 0845 train_loss= 35.35569 time= 0.52251
Epoch: 0846 train_loss= 51.16936 time= 1.25311
Epoch: 0847 train_loss= 31.55867 time= 0.35276
Epoch: 0848 train_loss= 35.69421 time= 0.86956
Epoch: 0849 train_loss= 38.54639 time= 0.43537
Epoch: 0850 train_loss= 32.38024 time= 0.81688
Epoch: 0851 train_loss= 60.61661 time= 1.19610
Epoch: 0852 train_loss= 37.98093 time= 1.07729
Epoch: 0853 train_loss= 48.16431 time= 0.89656
Epoch: 0854 train_loss= 48.59901 time= 0.72504
Epoch: 0855 train_loss= 44.52348 time= 1.03058
Epoch: 0856 train_loss= 46.09814 time= 1.21870
Epoch: 0857 train_loss= 45.15984 time= 0.88525
Epoch: 0858 train_loss= 35.49894 time= 1.09990
Epoch: 0859 train_loss= 45.74292 time= 1.14999
Epoch: 0860 train_loss= 48.18759 time= 1.27362
Epoch: 0861 train_loss= 41.19951 time= 0.73036
Epoch: 0862 train_loss= 30.83106 time= 1.28012
Epoch: 0863 train_loss= 47.94778 time= 1.07451
Epoch: 0864 train_loss= 44.78495 time= 1.38076
Epoch: 0865 train_loss= 44.53072 time= 0.94925
Epoch: 0866 train_loss= 34.42782 time= 1.42151
Epoch: 0867 train_loss= 70.63209 time= 0.97220
Epoch: 0868 train_loss= 34.04608 time= 1.14678
Epoch: 0869 train_loss= 66.79002 time= 1.60628
Epoch: 0870 train_loss= 42.07257 time= 1.46885
Epoch: 0871 train_loss= 40.51765 time= 0.81730
Epoch: 0872 train_loss= 69.80222 time= 0.91665
Epoch: 0873 train_loss= 40.38419 time= 1.01864
Epoch: 0874 train_loss= 36.77506 time= 1.70319
Epoch: 0875 train_loss= 45.27891 time= 1.20529
Epoch: 0876 train_loss= 44.46172 time= 0.95019
Epoch: 0877 train_loss= 45.73572 time= 0.70470
Epoch: 0878 train_loss= 52.01527 time= 1.52353
Epoch: 0879 train_loss= 40.07849 time= 0.81221
Epoch: 0880 train_loss= 49.12295 time= 0.53397
Epoch: 0881 train_loss= 61.74956 time= 0.87517
Epoch: 0882 train_loss= 47.70064 time= 0.88216
Epoch: 0883 train_loss= 55.46438 time= 0.74916
Epoch: 0884 train_loss= 39.99742 time= 1.40802
Epoch: 0885 train_loss= 41.18796 time= 0.84873
Epoch: 0886 train_loss= 31.92087 time= 1.09877
Epoch: 0887 train_loss= 34.00904 time= 1.96552
Epoch: 0888 train_loss= 31.05391 time= 1.17605
Epoch: 0889 train_loss= 39.56728 time= 1.17791
Epoch: 0890 train_loss= 44.75059 time= 0.81500
Epoch: 0891 train_loss= 25.30787 time= 0.67613
Epoch: 0892 train_loss= 63.16806 time= 1.68270
Epoch: 0893 train_loss= 40.71769 time= 0.75175
Epoch: 0894 train_loss= 29.29075 time= 0.97050
Epoch: 0895 train_loss= 39.01887 time= 0.95615
Epoch: 0896 train_loss= 33.14182 time= 1.73803
Epoch: 0897 train_loss= 35.56585 time= 1.15428
Epoch: 0898 train_loss= 41.30186 time= 0.87146
Epoch: 0899 train_loss= 35.28945 time= 0.63987
Epoch: 0900 train_loss= 32.27605 time= 1.51185
[[0.0000000e+00 3.9764786e-01 3.3496885e+00 6.0620975e-01 4.5412254e-01
  9.7158623e-01 9.5597458e-01 3.0139246e+00 6.5655231e+00 3.0203648e+00]
 [3.9764786e-01 0.0000000e+00 2.4399261e+00 1.2303734e-01 3.4246445e-03
  1.5442638e+00 2.2792816e-01 4.1318197e+00 5.6023235e+00 4.1384726e+00]
 [3.3496885e+00 2.4399261e+00 0.0000000e+00 2.4733391e+00 2.3503256e+00
  4.2694721e+00 1.7317896e+00 7.3625455e+00 1.3354330e+00 7.3697948e+00]
 [6.0620975e-01 1.2303734e-01 2.4733391e+00 0.0000000e+00 1.3264179e-01
  2.2638712e+00 2.2192287e-01 3.6801338e+00 5.6345901e+00 3.6867170e+00]
 [4.5412254e-01 3.4246445e-03 2.3503256e+00 1.3264179e-01 0.0000000e+00
  1.5648518e+00 1.8874836e-01 4.2818527e+00 5.4996853e+00 4.2885342e+00]
 [9.7158623e-01 1.5442638e+00 4.2694721e+00 2.2638712e+00 1.5648518e+00
  0.0000000e+00 2.1110706e+00 4.8893929e+00 7.2396107e+00 4.8956957e+00]
 [9.5597458e-01 2.2792816e-01 1.7317896e+00 2.2192287e-01 1.8874836e-01
  2.1110706e+00 0.0000000e+00 4.7619791e+00 4.6410284e+00 4.7688017e+00]
 [3.0139246e+00 4.1318197e+00 7.3625455e+00 3.6801338e+00 4.2818527e+00
  4.8893929e+00 4.7619791e+00 0.0000000e+00 1.0625811e+01 9.5367432e-06]
 [6.5655231e+00 5.6023235e+00 1.3354330e+00 5.6345901e+00 5.4996853e+00
  7.2396107e+00 4.6410284e+00 1.0625811e+01 0.0000000e+00 1.0633381e+01]
 [3.0203648e+00 4.1384726e+00 7.3697948e+00 3.6867170e+00 4.2885342e+00
  4.8956957e+00 4.7688017e+00 9.5367432e-06 1.0633381e+01 0.0000000e+00]]
[[ 0.  7.  5.  6.  6.  8.  7.  4.  6.  4.]
 [ 7.  0.  5.  6.  5.  4. 10.  7.  7.  9.]
 [ 5.  5.  0.  5.  6.  7.  8.  7.  6.  7.]
 [ 6.  6.  5.  0.  5.  7.  8.  6.  6.  6.]
 [ 6.  5.  6.  5.  0.  3.  9.  6.  7.  8.]
 [ 8.  4.  7.  7.  3.  0.  9.  8.  7.  8.]
 [ 7. 10.  8.  8.  9.  9.  0.  9.  9.  9.]
 [ 4.  7.  7.  6.  6.  8.  9.  0.  8.  2.]
 [ 6.  7.  6.  6.  7.  7.  9.  8.  0. 10.]
 [ 4.  9.  7.  6.  8.  8.  9.  2. 10.  0.]]
Epoch: 0901 train_loss= 37.56422 time= 0.89861
Epoch: 0902 train_loss= 35.69984 time= 1.07901
Epoch: 0903 train_loss= 40.24409 time= 0.69042
Epoch: 0904 train_loss= 30.12520 time= 0.80332
Epoch: 0905 train_loss= 31.31900 time= 1.02586
Epoch: 0906 train_loss= 38.49576 time= 0.78292
Epoch: 0907 train_loss= 25.82194 time= 0.83073
Epoch: 0908 train_loss= 32.01551 time= 1.14007
Epoch: 0909 train_loss= 39.88876 time= 1.44562
Epoch: 0910 train_loss= 32.55944 time= 0.57080
Epoch: 0911 train_loss= 26.84446 time= 0.90750
Epoch: 0912 train_loss= 40.36758 time= 1.51085
Epoch: 0913 train_loss= 43.60492 time= 1.04909
Epoch: 0914 train_loss= 49.40920 time= 1.42092
Epoch: 0915 train_loss= 42.17172 time= 0.75762
Epoch: 0916 train_loss= 48.72999 time= 0.69507
Epoch: 0917 train_loss= 26.07344 time= 1.31331
Epoch: 0918 train_loss= 35.38298 time= 0.47112
Epoch: 0919 train_loss= 27.71986 time= 1.44025
Epoch: 0920 train_loss= 36.07165 time= 1.07679
Epoch: 0921 train_loss= 28.31318 time= 1.14861
Epoch: 0922 train_loss= 53.57433 time= 1.02279
Epoch: 0923 train_loss= 38.09251 time= 0.35522
Epoch: 0924 train_loss= 33.02939 time= 1.01639
Epoch: 0925 train_loss= 46.93747 time= 0.78958
Epoch: 0926 train_loss= 39.24994 time= 0.91976
Epoch: 0927 train_loss= 46.99482 time= 0.85027
Epoch: 0928 train_loss= 26.74461 time= 1.06331
Epoch: 0929 train_loss= 29.25162 time= 1.27871
Epoch: 0930 train_loss= 50.11433 time= 0.95835
Epoch: 0931 train_loss= 59.02383 time= 1.94076
Epoch: 0932 train_loss= 53.61929 time= 1.28476
Epoch: 0933 train_loss= 44.19075 time= 0.73329
Epoch: 0934 train_loss= 51.20536 time= 0.79079
Epoch: 0935 train_loss= 47.65698 time= 0.88190
Epoch: 0936 train_loss= 77.19755 time= 1.08796
Epoch: 0937 train_loss= 30.26534 time= 1.01789
Epoch: 0938 train_loss= 41.59135 time= 0.58356
Epoch: 0939 train_loss= 45.80551 time= 0.69439
Epoch: 0940 train_loss= 33.64676 time= 0.60603
Epoch: 0941 train_loss= 27.92838 time= 1.72254
Epoch: 0942 train_loss= 48.91299 time= 1.09194
Epoch: 0943 train_loss= 38.32861 time= 1.18165
Epoch: 0944 train_loss= 29.64809 time= 0.86306
Epoch: 0945 train_loss= 45.28222 time= 0.88638
Epoch: 0946 train_loss= 26.47700 time= 0.97041
Epoch: 0947 train_loss= 46.28015 time= 0.60132
Epoch: 0948 train_loss= 49.21980 time= 0.40285
Epoch: 0949 train_loss= 41.49982 time= 1.04857
Epoch: 0950 train_loss= 34.92949 time= 1.18962
Epoch: 0951 train_loss= 39.52218 time= 0.62627
Epoch: 0952 train_loss= 43.44942 time= 1.47493
Epoch: 0953 train_loss= 33.66062 time= 1.33012
Epoch: 0954 train_loss= 36.44578 time= 0.99832
Epoch: 0955 train_loss= 37.93566 time= 0.89709
Epoch: 0956 train_loss= 32.23241 time= 1.47048
Epoch: 0957 train_loss= 36.89921 time= 1.46132
Epoch: 0958 train_loss= 43.43909 time= 0.76172
Epoch: 0959 train_loss= 40.48460 time= 0.78737
Epoch: 0960 train_loss= 43.08654 time= 0.98476
Epoch: 0961 train_loss= 45.24344 time= 1.36907
Epoch: 0962 train_loss= 43.86694 time= 0.66959
Epoch: 0963 train_loss= 38.28759 time= 2.32334
Epoch: 0964 train_loss= 34.88496 time= 0.64233
Epoch: 0965 train_loss= 47.86807 time= 0.71811
Epoch: 0966 train_loss= 38.34956 time= 0.48628
Epoch: 0967 train_loss= 35.64805 time= 0.94817
Epoch: 0968 train_loss= 39.06617 time= 0.91054
Epoch: 0969 train_loss= 40.52048 time= 1.37849
Epoch: 0970 train_loss= 36.04271 time= 0.74199
Epoch: 0971 train_loss= 44.54245 time= 0.84101
Epoch: 0972 train_loss= 41.51508 time= 2.72381
Epoch: 0973 train_loss= 37.68753 time= 1.03214
Epoch: 0974 train_loss= 34.53522 time= 0.87674
Epoch: 0975 train_loss= 43.73773 time= 0.61561
Epoch: 0976 train_loss= 38.94442 time= 1.12780
Epoch: 0977 train_loss= 29.25210 time= 1.06253
Epoch: 0978 train_loss= 35.24435 time= 0.62716
Epoch: 0979 train_loss= 37.79483 time= 1.23854
Epoch: 0980 train_loss= 44.80445 time= 1.35456
Epoch: 0981 train_loss= 38.96706 time= 0.69817
Epoch: 0982 train_loss= 50.37358 time= 0.33193
Epoch: 0983 train_loss= 38.69764 time= 0.54767
Epoch: 0984 train_loss= 48.17114 time= 1.53414
Epoch: 0985 train_loss= 46.30723 time= 0.71570
Epoch: 0986 train_loss= 42.60648 time= 1.34667
Epoch: 0987 train_loss= 50.87647 time= 0.66865
Epoch: 0988 train_loss= 26.69172 time= 0.61482
Epoch: 0989 train_loss= 37.95370 time= 1.38106
Epoch: 0990 train_loss= 34.82854 time= 1.10244
Epoch: 0991 train_loss= 33.51563 time= 0.99935
Epoch: 0992 train_loss= 37.83541 time= 1.39112
Epoch: 0993 train_loss= 36.72109 time= 0.77493
Epoch: 0994 train_loss= 44.88166 time= 0.65369
Epoch: 0995 train_loss= 35.78938 time= 0.77535
Epoch: 0996 train_loss= 46.27386 time= 1.11252
Epoch: 0997 train_loss= 34.94777 time= 1.01478
Epoch: 0998 train_loss= 43.71497 time= 1.78215
Epoch: 0999 train_loss= 32.86797 time= 1.22586
Epoch: 1000 train_loss= 34.45484 time= 0.82452
[[0.0000000e+00 6.4260540e+00 7.4554057e+00 8.7434864e+00 8.0471363e+00
  1.4401684e+00 3.6430359e-03 6.2155752e+00 5.5305152e+00 8.7900524e+00]
 [6.4260540e+00 0.0000000e+00 4.5842209e+00 5.8254023e+00 4.3290882e+00
  4.6599836e+00 6.4501662e+00 2.7494230e+00 9.1270256e-01 5.8424239e+00]
 [7.4554057e+00 4.5842209e+00 0.0000000e+00 4.3370914e-01 1.8096828e-01
  4.1298723e+00 7.3360085e+00 8.2305899e+00 1.7760715e+00 4.4324207e-01]
 [8.7434864e+00 5.8254023e+00 4.3370914e-01 0.0000000e+00 8.3419418e-01
  5.4814320e+00 8.6217957e+00 9.6788406e+00 2.9816561e+00 2.4318695e-04]
 [8.0471363e+00 4.3290882e+00 1.8096828e-01 8.3419418e-01 0.0000000e+00
  4.6245556e+00 7.9289098e+00 8.4469795e+00 1.6417999e+00 8.3820152e-01]
 [1.4401684e+00 4.6599836e+00 4.1298723e+00 5.4814320e+00 4.6245556e+00
  0.0000000e+00 1.3662653e+00 4.7872477e+00 3.0671415e+00 5.5214853e+00]
 [3.6430359e-03 6.4501662e+00 7.3360085e+00 8.6217957e+00 7.9289098e+00
  1.3662653e+00 0.0000000e+00 6.2522750e+00 5.4823523e+00 8.6683750e+00]
 [6.2155752e+00 2.7494230e+00 8.2305899e+00 9.6788406e+00 8.4469795e+00
  4.7872477e+00 6.2522750e+00 0.0000000e+00 4.2286100e+00 9.7099371e+00]
 [5.5305152e+00 9.1270256e-01 1.7760715e+00 2.9816561e+00 1.6417999e+00
  3.0671415e+00 5.4823523e+00 4.2286100e+00 0.0000000e+00 3.0003681e+00]
 [8.7900524e+00 5.8424239e+00 4.4324207e-01 2.4318695e-04 8.3820152e-01
  5.5214853e+00 8.6683750e+00 9.7099371e+00 3.0003681e+00 0.0000000e+00]]
[[ 0.  5.  5.  3.  8.  5.  3.  6.  6.  5.]
 [ 5.  0.  7.  8.  7.  7.  7.  8.  7. 10.]
 [ 5.  7.  0.  6.  7.  4.  7.  6.  7.  6.]
 [ 3.  8.  6.  0.  8.  7.  6.  9.  7.  2.]
 [ 8.  7.  7.  8.  0.  7.  7.  8.  8.  9.]
 [ 5.  7.  4.  7.  7.  0.  6.  6.  6.  7.]
 [ 3.  7.  7.  6.  7.  6.  0.  7.  5.  8.]
 [ 6.  8.  6.  9.  8.  6.  7.  0.  6. 10.]
 [ 6.  7.  7.  7.  8.  6.  5.  6.  0.  9.]
 [ 5. 10.  6.  2.  9.  7.  8. 10.  9.  0.]]
Epoch: 1001 train_loss= 37.06527 time= 0.70914
Epoch: 1002 train_loss= 34.03979 time= 0.38135
Epoch: 1003 train_loss= 41.76942 time= 1.26834
Epoch: 1004 train_loss= 34.89450 time= 0.42331
Epoch: 1005 train_loss= 40.01336 time= 0.78632
Epoch: 1006 train_loss= 40.04747 time= 0.48508
Epoch: 1007 train_loss= 38.00637 time= 0.46196
Epoch: 1008 train_loss= 44.40415 time= 0.89652
Epoch: 1009 train_loss= 37.97604 time= 0.76535
Epoch: 1010 train_loss= 45.68766 time= 2.13619
Epoch: 1011 train_loss= 56.71709 time= 1.15624
Epoch: 1012 train_loss= 44.51307 time= 1.46339
Epoch: 1013 train_loss= 33.44635 time= 0.52120
Epoch: 1014 train_loss= 26.55299 time= 1.32220
Epoch: 1015 train_loss= 43.22578 time= 0.99600
Epoch: 1016 train_loss= 26.68813 time= 0.86396
Epoch: 1017 train_loss= 44.43935 time= 0.65815
Epoch: 1018 train_loss= 37.03201 time= 0.62976
Epoch: 1019 train_loss= 36.10978 time= 0.73993
Epoch: 1020 train_loss= 41.04853 time= 1.31533
Epoch: 1021 train_loss= 56.06012 time= 0.99058
Epoch: 1022 train_loss= 41.85480 time= 1.09947
Epoch: 1023 train_loss= 30.35889 time= 1.26188
Epoch: 1024 train_loss= 38.94900 time= 0.72477
Epoch: 1025 train_loss= 33.89658 time= 1.30291
Epoch: 1026 train_loss= 49.22799 time= 0.98156
Epoch: 1027 train_loss= 36.60097 time= 1.25841
Epoch: 1028 train_loss= 39.21427 time= 0.58763
Epoch: 1029 train_loss= 34.22176 time= 1.28294
Epoch: 1030 train_loss= 54.19495 time= 1.60185
Epoch: 1031 train_loss= 29.93740 time= 0.97537
Epoch: 1032 train_loss= 51.19925 time= 0.92878
Epoch: 1033 train_loss= 35.28131 time= 0.92143
Epoch: 1034 train_loss= 50.64375 time= 0.47945
Epoch: 1035 train_loss= 57.97390 time= 1.61184
Epoch: 1036 train_loss= 47.34224 time= 0.93257
Epoch: 1037 train_loss= 36.79079 time= 0.62338
Epoch: 1038 train_loss= 39.01553 time= 0.79183
Epoch: 1039 train_loss= 49.78253 time= 0.73956
Epoch: 1040 train_loss= 39.64410 time= 1.69593
Epoch: 1041 train_loss= 42.04573 time= 0.63946
Epoch: 1042 train_loss= 44.22471 time= 0.79001
Epoch: 1043 train_loss= 36.11152 time= 0.58216
Epoch: 1044 train_loss= 41.93726 time= 1.95894
Epoch: 1045 train_loss= 42.49572 time= 0.60942
Epoch: 1046 train_loss= 63.30421 time= 0.44125
Epoch: 1047 train_loss= 34.97642 time= 0.68152
Epoch: 1048 train_loss= 46.00443 time= 0.76185
Epoch: 1049 train_loss= 37.25579 time= 1.41797
Epoch: 1050 train_loss= 41.04203 time= 0.79527
Epoch: 1051 train_loss= 32.75578 time= 1.17545
Epoch: 1052 train_loss= 35.88696 time= 0.80300
Epoch: 1053 train_loss= 46.01767 time= 0.80200
Epoch: 1054 train_loss= 31.38469 time= 0.76720
Epoch: 1055 train_loss= 41.06477 time= 1.28699
Epoch: 1056 train_loss= 44.41241 time= 0.59851
Epoch: 1057 train_loss= 44.28476 time= 0.61121
Epoch: 1058 train_loss= 40.66447 time= 0.61854
Epoch: 1059 train_loss= 39.27070 time= 0.97418
Epoch: 1060 train_loss= 42.86274 time= 0.70512
Epoch: 1061 train_loss= 47.67174 time= 0.79825
Epoch: 1062 train_loss= 36.88788 time= 0.66930
Epoch: 1063 train_loss= 32.84371 time= 1.64044
Epoch: 1064 train_loss= 33.33509 time= 0.72016
Epoch: 1065 train_loss= 35.60116 time= 0.63887
Epoch: 1066 train_loss= 36.47683 time= 0.64071
Epoch: 1067 train_loss= 31.40791 time= 1.23137
Epoch: 1068 train_loss= 32.32425 time= 0.93855
Epoch: 1069 train_loss= 33.99307 time= 1.52920
Epoch: 1070 train_loss= 54.86252 time= 0.54278
Epoch: 1071 train_loss= 33.70716 time= 0.64474
Epoch: 1072 train_loss= 33.26812 time= 0.87554
Epoch: 1073 train_loss= 28.80230 time= 1.12045
Epoch: 1074 train_loss= 49.39670 time= 0.62435
Epoch: 1075 train_loss= 54.51296 time= 0.92059
Epoch: 1076 train_loss= 38.15108 time= 0.63112
Epoch: 1077 train_loss= 49.38812 time= 0.72133
Epoch: 1078 train_loss= 56.85420 time= 0.97609
Epoch: 1079 train_loss= 51.83253 time= 0.91398
Epoch: 1080 train_loss= 40.70031 time= 1.15949
Epoch: 1081 train_loss= 53.71185 time= 0.82459
Epoch: 1082 train_loss= 58.42948 time= 1.30443
Epoch: 1083 train_loss= 39.68812 time= 0.99874
Epoch: 1084 train_loss= 55.41133 time= 1.05100
Epoch: 1085 train_loss= 43.19744 time= 0.90480
Epoch: 1086 train_loss= 34.02369 time= 1.03897
Epoch: 1087 train_loss= 66.14796 time= 0.41486
Epoch: 1088 train_loss= 60.66877 time= 2.44773
Epoch: 1089 train_loss= 30.89250 time= 0.74338
Epoch: 1090 train_loss= 42.06218 time= 0.61738
Epoch: 1091 train_loss= 41.26645 time= 0.98807
Epoch: 1092 train_loss= 51.15896 time= 0.32995
Epoch: 1093 train_loss= 35.96873 time= 0.76514
Epoch: 1094 train_loss= 43.76460 time= 2.18285
Epoch: 1095 train_loss= 42.22744 time= 1.68911
Epoch: 1096 train_loss= 54.19056 time= 0.83137
Epoch: 1097 train_loss= 35.81365 time= 1.13248
Epoch: 1098 train_loss= 38.77068 time= 1.98793
Epoch: 1099 train_loss= 35.91264 time= 0.56841
Epoch: 1100 train_loss= 56.86047 time= 0.96672
[[0.         4.5183973  0.89455795 0.18117332 1.0532484  0.10404968
  1.3944693  5.909748   0.8865757  1.1181192 ]
 [4.5183973  0.         3.5538082  3.6853428  6.4570007  4.9649487
  2.5711527  4.8095865  2.6031055  2.0568905 ]
 [0.89455795 3.5538082  0.         1.1722488  1.7689857  0.985775
  2.1784325  3.576498   0.30735493 0.7582464 ]
 [0.18117332 3.6853428  1.1722488  0.         1.7667408  0.47568893
  0.65457153 6.108597   0.8197527  0.78198147]
 [1.0532484  6.4570007  1.7689857  1.7667408  0.         0.5765009
  3.3324585  6.6159596  2.2261877  2.854187  ]
 [0.10404968 4.9649487  0.985775   0.47568893 0.5765009  0.
  1.8170633  6.0405684  1.1203737  1.4849625 ]
 [1.3944693  2.5711527  2.1784325  0.65457153 3.3324585  1.8170633
  0.         6.7369123  1.1810532  0.8231573 ]
 [5.909748   4.8095865  3.576498   6.108597   6.6159596  6.0405684
  6.7369123  0.         4.0974445  4.5501604 ]
 [0.8865757  2.6031055  0.30735493 0.8197527  2.2261877  1.1203737
  1.1810532  4.0974445  0.         0.16776657]
 [1.1181192  2.0568905  0.7582464  0.78198147 2.854187   1.4849625
  0.8231573  4.5501604  0.16776657 0.        ]]
[[0. 6. 5. 6. 6. 6. 5. 5. 7. 7.]
 [6. 0. 7. 7. 6. 7. 7. 3. 7. 6.]
 [5. 7. 0. 9. 8. 7. 8. 5. 9. 7.]
 [6. 7. 9. 0. 5. 6. 6. 7. 5. 7.]
 [6. 6. 8. 5. 0. 6. 7. 7. 4. 8.]
 [6. 7. 7. 6. 6. 0. 7. 7. 7. 5.]
 [5. 7. 8. 6. 7. 7. 0. 7. 7. 7.]
 [5. 3. 5. 7. 7. 7. 7. 0. 6. 6.]
 [7. 7. 9. 5. 4. 7. 7. 6. 0. 8.]
 [7. 6. 7. 7. 8. 5. 7. 6. 8. 0.]]
Epoch: 1101 train_loss= 48.40046 time= 1.53534
Early stopping...
Optimization Finished, tiem cost 1083.89105 s
Model saved in path: SavedModel/0211_All_ALCHEMY.ckpt
start encoding training data...
Finish 0 graphs
threshold is
[0. 0. 0. 0. 0. 0. 0. 0. 0. 0. 0. 0. 0. 0. 0. 0. 0. 0. 0. 0. 0. 0. 0. 0.
 0. 0. 0. 0. 0. 0. 0. 0.]
finish encoding training data
encoding data, cost 66.07154 s
Bit Weights:
[1. 1. 1. 1. 1. 1. 1. 1. 1. 1. 1. 1. 1. 1. 1. 1. 1. 1. 1. 1. 1. 1. 1. 1.
 1. 1. 1. 1. 1. 1. 1. 1.]
model training finish
